0 verbose cli C:\Program Files\nodejs\node.exe C:\Users\hp\AppData\Roaming\npm\node_modules\npm\bin\npm-cli.js
1 info using npm@11.4.2
2 info using node@v22.11.0
3 silly config load:file:C:\Users\hp\AppData\Roaming\npm\node_modules\npm\npmrc
4 silly config load:file:c:\Users\hp\Documents\TaskSync_V2\tasksync_v2\.npmrc
5 silly config load:file:C:\Users\hp\.npmrc
6 silly config load:file:C:\Users\hp\AppData\Roaming\npm\etc\npmrc
7 verbose title npm view @mui/material description dist-tags.latest homepage version time
8 verbose argv "view" "--json" "--" "@mui/material" "description" "dist-tags.latest" "homepage" "version" "time"
9 verbose logfile logs-max:10 dir:c:\Users\hp\Documents\TaskSync_V2\tasksync_v2\clean\_logs\2025-06-30T22_08_58_519Z-
10 verbose logfile c:\Users\hp\Documents\TaskSync_V2\tasksync_v2\clean\_logs\2025-06-30T22_08_58_519Z-debug-0.log
11 silly logfile start cleaning logs, removing 2 files
12 silly logfile done cleaning log files
13 http fetch GET https://registry.npmjs.org/@mui%2fmaterial attempt 1 failed with ECONNRESET
14 http fetch GET https://registry.npmjs.org/@mui%2fmaterial attempt 2 failed with ECONNRESET
15 http fetch GET https://registry.npmjs.org/@mui%2fmaterial attempt 3 failed with ECONNRESET
16 http fetch GET 200 https://registry.npmjs.org/@mui%2fmaterial 128940ms (cache stale)
17 verbose cwd c:\Users\hp\Documents\TaskSync_V2\tasksync_v2
18 verbose os Windows_NT 10.0.19045
19 verbose node v22.11.0
20 verbose npm  v11.4.2
21 verbose exit 0
22 info ok
