0 verbose cli C:\Program Files\nodejs\node.exe C:\Users\hp\AppData\Roaming\npm\node_modules\npm\bin\npm-cli.js
1 info using npm@11.4.2
2 info using node@v22.11.0
3 silly config load:file:C:\Users\hp\AppData\Roaming\npm\node_modules\npm\npmrc
4 silly config load:file:C:\Users\hp\Documents\TaskSync_V2\tasksync_v2\.npmrc
5 silly config load:file:C:\Users\hp\.npmrc
6 silly config load:file:C:\Users\hp\AppData\Roaming\npm\etc\npmrc
7 verbose title npm exec install shadcn@latest add carousel
8 verbose argv "exec" "--" "install" "shadcn@latest" "add" "carousel"
9 verbose logfile logs-max:10 dir:C:\Users\hp\Documents\TaskSync_V2\tasksync_v2\clean\_logs\2025-06-30T21_18_48_991Z-
10 verbose logfile C:\Users\hp\Documents\TaskSync_V2\tasksync_v2\clean\_logs\2025-06-30T21_18_48_991Z-debug-0.log
11 silly logfile start cleaning logs, removing 1 files
12 silly logfile done cleaning log files
13 silly packumentCache heap:2197815296 maxSize:549453824 maxEntrySize:274726912
14 http fetch GET https://registry.npmjs.org/install attempt 1 failed with ECONNRESET
15 http fetch GET https://registry.npmjs.org/install attempt 2 failed with ECONNRESET
16 http fetch GET https://registry.npmjs.org/install attempt 3 failed with ECONNRESET
17 verbose type system
18 verbose stack FetchError: request to https://registry.npmjs.org/install failed, reason: read ECONNRESET
18 verbose stack     at ClientRequest.<anonymous> (C:\Users\hp\AppData\Roaming\npm\node_modules\npm\node_modules\minipass-fetch\lib\index.js:130:14)
18 verbose stack     at ClientRequest.emit (node:events:518:28)
18 verbose stack     at emitErrorEvent (node:_http_client:103:11)
18 verbose stack     at _destroy (node:_http_client:886:9)
18 verbose stack     at onSocketNT (node:_http_client:906:5)
18 verbose stack     at process.processTicksAndRejections (node:internal/process/task_queues:91:21)
19 error code ECONNRESET
20 error syscall read
21 error errno ECONNRESET
22 error network request to https://registry.npmjs.org/install failed, reason: read ECONNRESET
23 error network This is a problem related to network connectivity.
23 error network In most cases you are behind a proxy or have bad network settings.
23 error network
23 error network If you are behind a proxy, please make sure that the
23 error network 'proxy' config is set properly.  See: 'npm help config'
24 verbose cwd C:\Users\hp\Documents\TaskSync_V2\tasksync_v2
25 verbose os Windows_NT 10.0.19045
26 verbose node v22.11.0
27 verbose npm  v11.4.2
28 verbose exit 1
29 verbose code 1
30 error A complete log of this run can be found in: C:\Users\hp\Documents\TaskSync_V2\tasksync_v2\clean\_logs\2025-06-30T21_18_48_991Z-debug-0.log
