0 verbose cli C:\Program Files\nodejs\node.exe C:\Users\hp\AppData\Roaming\npm\node_modules\npm\bin\npm-cli.js
1 info using npm@11.4.2
2 info using node@v22.11.0
3 silly config load:file:C:\Users\hp\AppData\Roaming\npm\node_modules\npm\npmrc
4 silly config load:file:c:\Users\hp\Documents\TaskSync_V2\.npmrc
5 silly config load:file:C:\Users\hp\.npmrc
6 silly config load:file:C:\Users\hp\AppData\Roaming\npm\etc\npmrc
7 verbose title npm view @radix-ui/react-checkbox description dist-tags.latest homepage version time
8 verbose argv "view" "--json" "--" "@radix-ui/react-checkbox" "description" "dist-tags.latest" "homepage" "version" "time"
9 verbose logfile logs-max:10 dir:c:\Users\hp\Documents\TaskSync_V2\clean\_logs\2025-07-15T19_31_50_859Z-
10 verbose logfile c:\Users\hp\Documents\TaskSync_V2\clean\_logs\2025-07-15T19_31_50_859Z-debug-0.log
11 silly logfile done cleaning log files
12 http fetch GET https://registry.npmjs.org/@radix-ui%2freact-checkbox attempt 1 failed with ENOENT
13 http fetch GET https://registry.npmjs.org/@radix-ui%2freact-checkbox attempt 2 failed with ENOENT
14 http fetch GET https://registry.npmjs.org/@radix-ui%2freact-checkbox attempt 3 failed with ENOENT
15 verbose type system
16 verbose stack FetchError: request to https://registry.npmjs.org/@radix-ui%2freact-checkbox failed, reason: getaddrinfo ENOENT registry.npmjs.org
16 verbose stack     at ClientRequest.<anonymous> (C:\Users\hp\AppData\Roaming\npm\node_modules\npm\node_modules\minipass-fetch\lib\index.js:130:14)
16 verbose stack     at ClientRequest.emit (node:events:518:28)
16 verbose stack     at emitErrorEvent (node:_http_client:103:11)
16 verbose stack     at _destroy (node:_http_client:886:9)
16 verbose stack     at onSocketNT (node:_http_client:906:5)
16 verbose stack     at process.processTicksAndRejections (node:internal/process/task_queues:91:21)
17 error code ENOENT
18 error syscall getaddrinfo
19 error errno ENOENT
20 error enoent request to https://registry.npmjs.org/@radix-ui%2freact-checkbox failed, reason: getaddrinfo ENOENT registry.npmjs.org
21 error enoent This is related to npm not being able to find a file.
21 error enoent
22 verbose cwd c:\Users\hp\Documents\TaskSync_V2
23 verbose os Windows_NT 10.0.19045
24 verbose node v22.11.0
25 verbose npm  v11.4.2
26 verbose exit 1
27 verbose code 1
28 error A complete log of this run can be found in: c:\Users\hp\Documents\TaskSync_V2\clean\_logs\2025-07-15T19_31_50_859Z-debug-0.log
