0 verbose cli C:\Program Files\nodejs\node.exe C:\Users\hp\AppData\Roaming\npm\node_modules\npm\bin\npm-cli.js
1 info using npm@11.4.2
2 info using node@v22.11.0
3 silly config load:file:C:\Users\hp\AppData\Roaming\npm\node_modules\npm\npmrc
4 silly config load:file:C:\Users\hp\Documents\TaskSync_V2\.npmrc
5 silly config load:file:C:\Users\hp\.npmrc
6 silly config load:file:C:\Users\hp\AppData\Roaming\npm\etc\npmrc
7 verbose title npm exec create-next-app@latest
8 verbose argv "exec" "--" "create-next-app@latest"
9 verbose logfile logs-max:10 dir:C:\Users\hp\Documents\TaskSync_V2\clean\_logs\2025-06-27T16_46_56_156Z-
10 verbose logfile C:\Users\hp\Documents\TaskSync_V2\clean\_logs\2025-06-27T16_46_56_156Z-debug-0.log
11 silly logfile done cleaning log files
12 silly packumentCache heap:2197815296 maxSize:549453824 maxEntrySize:274726912
13 http fetch GET 200 https://registry.npmjs.org/create-next-app 9433ms (cache miss)
14 silly packumentCache heap:2197815296 maxSize:549453824 maxEntrySize:274726912
15 silly packumentCache heap:2197815296 maxSize:549453824 maxEntrySize:274726912
16 silly idealTree buildDeps
17 silly fetch manifest create-next-app@15.3.4
18 silly packumentCache full:https://registry.npmjs.org/create-next-app cache-miss
19 http fetch GET 200 https://registry.npmjs.org/create-next-app 8386ms (cache miss)
20 silly packumentCache full:https://registry.npmjs.org/create-next-app set size:undefined disposed:false
21 silly placeDep ROOT create-next-app@15.3.4 OK for:  want: 15.3.4
22 silly reify moves {}
23 silly audit bulk request { 'create-next-app': [ '15.3.4' ] }
24 http cache create-next-app@https://registry.npmjs.org/create-next-app/-/create-next-app-15.3.4.tgz 1ms (cache hit)
25 silly tarball no local data for create-next-app@https://registry.npmjs.org/create-next-app/-/create-next-app-15.3.4.tgz. Extracting by manifest.
26 http fetch POST 200 https://registry.npmjs.org/-/npm/v1/security/advisories/bulk 665ms
27 silly audit report {}
28 http fetch GET 200 https://registry.npmjs.org/create-next-app/-/create-next-app-15.3.4.tgz 2465ms (cache miss)
29 verbose cwd C:\Users\hp\Documents\TaskSync_V2
30 verbose os Windows_NT 10.0.19045
31 verbose node v22.11.0
32 verbose npm  v11.4.2
33 verbose exit 1
34 verbose code 1
