0 verbose cli C:\Program Files\nodejs\node.exe C:\Users\hp\AppData\Roaming\npm\node_modules\npm\bin\npm-cli.js
1 info using npm@11.4.2
2 info using node@v22.11.0
3 silly config load:file:C:\Users\hp\AppData\Roaming\npm\node_modules\npm\npmrc
4 silly config load:file:c:\Users\hp\Documents\TaskSync_V2\.npmrc
5 silly config load:file:C:\Users\hp\.npmrc
6 silly config load:file:C:\Users\hp\AppData\Roaming\npm\etc\npmrc
7 verbose title npm view @emotion/styled description dist-tags.latest homepage version time
8 verbose argv "view" "--json" "--" "@emotion/styled" "description" "dist-tags.latest" "homepage" "version" "time"
9 verbose logfile logs-max:10 dir:c:\Users\hp\Documents\TaskSync_V2\clean\_logs\2025-07-12T14_34_31_576Z-
10 verbose logfile c:\Users\hp\Documents\TaskSync_V2\clean\_logs\2025-07-12T14_34_31_576Z-debug-0.log
11 silly logfile done cleaning log files
12 http fetch GET https://registry.npmjs.org/@emotion%2fstyled attempt 1 failed with ECONNRESET
13 http fetch GET https://registry.npmjs.org/@emotion%2fstyled attempt 2 failed with ECONNRESET
14 http fetch GET 200 https://registry.npmjs.org/@emotion%2fstyled 101814ms attempt #3 (cache miss)
15 verbose cwd c:\Users\hp\Documents\TaskSync_V2
16 verbose os Windows_NT 10.0.19045
17 verbose node v22.11.0
18 verbose npm  v11.4.2
19 verbose exit 0
20 info ok
