0 verbose cli C:\Program Files\nodejs\node.exe C:\Users\hp\AppData\Roaming\npm\node_modules\npm\bin\npm-cli.js
1 info using npm@11.4.2
2 info using node@v22.11.0
3 silly config load:file:C:\Users\hp\AppData\Roaming\npm\node_modules\npm\npmrc
4 silly config load:file:C:\Users\hp\Documents\TaskSync_V2\.npmrc
5 silly config load:file:C:\Users\hp\.npmrc
6 silly config load:file:C:\Users\hp\AppData\Roaming\npm\etc\npmrc
7 verbose title npm create vite@latest my-app --template reactnpx create-next-app@latest
8 verbose argv "create" "vite@latest" "my-app" "--" "--template" "reactnpx" "create-next-app@latest"
9 verbose logfile logs-max:10 dir:C:\Users\hp\Documents\TaskSync_V2\clean\_logs\2025-06-27T16_45_38_795Z-
10 verbose logfile C:\Users\hp\Documents\TaskSync_V2\clean\_logs\2025-06-27T16_45_38_795Z-debug-0.log
11 silly logfile done cleaning log files
12 silly packumentCache heap:2197815296 maxSize:549453824 maxEntrySize:274726912
13 http fetch GET https://registry.npmjs.org/npm attempt 1 failed with ECONNRESET
14 http fetch GET https://registry.npmjs.org/create-vite attempt 1 failed with ECONNRESET
15 http fetch GET 200 https://registry.npmjs.org/create-vite 18997ms attempt #2 (cache miss)
16 silly packumentCache heap:2197815296 maxSize:549453824 maxEntrySize:274726912
17 verbose stack Error: canceled
17 verbose stack     at Interface.<anonymous> (C:\Users\hp\AppData\Roaming\npm\node_modules\npm\node_modules\read\dist\commonjs\read.js:89:21)
17 verbose stack     at Interface.emit (node:events:518:28)
17 verbose stack     at [_ttyWrite] [as _ttyWrite] (node:internal/readline/interface:1124:18)
17 verbose stack     at ReadStream.onkeypress (node:internal/readline/interface:263:20)
17 verbose stack     at ReadStream.emit (node:events:518:28)
17 verbose stack     at emitKeys (node:internal/readline/utils:370:14)
17 verbose stack     at emitKeys.next (<anonymous>)
17 verbose stack     at ReadStream.onData (node:internal/readline/emitKeypressEvents:64:36)
17 verbose stack     at ReadStream.emit (node:events:518:28)
17 verbose stack     at addChunk (node:internal/streams/readable:561:12)
18 error canceled
19 verbose cwd C:\Users\hp\Documents\TaskSync_V2
20 verbose os Windows_NT 10.0.19045
21 verbose node v22.11.0
22 verbose npm  v11.4.2
23 verbose exit 1
24 verbose code 1
25 error A complete log of this run can be found in: C:\Users\hp\Documents\TaskSync_V2\clean\_logs\2025-06-27T16_45_38_795Z-debug-0.log
