0 verbose cli C:\Program Files\nodejs\node.exe C:\Users\hp\AppData\Roaming\npm\node_modules\npm\bin\npm-cli.js
1 info using npm@11.4.2
2 info using node@v22.11.0
3 silly config load:file:C:\Users\hp\AppData\Roaming\npm\node_modules\npm\npmrc
4 silly config load:file:c:\Users\hp\Documents\TaskSync_V2\.npmrc
5 silly config load:file:C:\Users\hp\.npmrc
6 silly config load:file:C:\Users\hp\AppData\Roaming\npm\etc\npmrc
7 verbose title npm view @radix-ui/react-avatar description dist-tags.latest homepage version time
8 verbose argv "view" "--json" "--" "@radix-ui/react-avatar" "description" "dist-tags.latest" "homepage" "version" "time"
9 verbose logfile logs-max:10 dir:c:\Users\hp\Documents\TaskSync_V2\clean\_logs\2025-07-15T19_34_03_255Z-
10 verbose logfile c:\Users\hp\Documents\TaskSync_V2\clean\_logs\2025-07-15T19_34_03_255Z-debug-0.log
11 silly logfile start cleaning logs, removing 2 files
12 silly logfile error removing log file c:\Users\hp\Documents\TaskSync_V2\clean\_logs\2025-07-15T16_40_21_550Z-debug-0.log [Error: EPERM: operation not permitted, lstat 'c:\Users\hp\Documents\TaskSync_V2\clean\_logs\2025-07-15T16_40_21_550Z-debug-0.log'] {
12 silly logfile   errno: -4048,
12 silly logfile   code: 'EPERM',
12 silly logfile   syscall: 'lstat',
12 silly logfile   path: 'c:\\Users\\hp\\Documents\\TaskSync_V2\\clean\\_logs\\2025-07-15T16_40_21_550Z-debug-0.log'
12 silly logfile }
13 silly logfile done cleaning log files
14 http fetch GET https://registry.npmjs.org/@radix-ui%2freact-avatar attempt 1 failed with ENOENT
15 http fetch GET https://registry.npmjs.org/@radix-ui%2freact-avatar attempt 2 failed with ENOENT
16 http fetch GET https://registry.npmjs.org/@radix-ui%2freact-avatar attempt 3 failed with ENOENT
17 verbose type system
18 verbose stack FetchError: request to https://registry.npmjs.org/@radix-ui%2freact-avatar failed, reason: getaddrinfo ENOENT registry.npmjs.org
18 verbose stack     at ClientRequest.<anonymous> (C:\Users\hp\AppData\Roaming\npm\node_modules\npm\node_modules\minipass-fetch\lib\index.js:130:14)
18 verbose stack     at ClientRequest.emit (node:events:518:28)
18 verbose stack     at emitErrorEvent (node:_http_client:103:11)
18 verbose stack     at _destroy (node:_http_client:886:9)
18 verbose stack     at onSocketNT (node:_http_client:906:5)
18 verbose stack     at process.processTicksAndRejections (node:internal/process/task_queues:91:21)
19 error code ENOENT
20 error syscall getaddrinfo
21 error errno ENOENT
22 error enoent request to https://registry.npmjs.org/@radix-ui%2freact-avatar failed, reason: getaddrinfo ENOENT registry.npmjs.org
23 error enoent This is related to npm not being able to find a file.
23 error enoent
24 verbose cwd c:\Users\hp\Documents\TaskSync_V2
25 verbose os Windows_NT 10.0.19045
26 verbose node v22.11.0
27 verbose npm  v11.4.2
28 verbose exit 1
29 verbose code 1
30 error A complete log of this run can be found in: c:\Users\hp\Documents\TaskSync_V2\clean\_logs\2025-07-15T19_34_03_255Z-debug-0.log
