0 verbose cli C:\Program Files\nodejs\node.exe C:\Users\hp\AppData\Roaming\npm\node_modules\npm\bin\npm-cli.js
1 info using npm@11.4.2
2 info using node@v22.11.0
3 silly config load:file:C:\Users\hp\AppData\Roaming\npm\node_modules\npm\npmrc
4 silly config load:file:c:\Users\hp\Documents\TaskSync_V2\.npmrc
5 silly config load:file:C:\Users\hp\.npmrc
6 silly config load:file:C:\Users\hp\AppData\Roaming\npm\etc\npmrc
7 verbose title npm view @radix-ui/react-checkbox description dist-tags.latest homepage version time
8 verbose argv "view" "--json" "--" "@radix-ui/react-checkbox" "description" "dist-tags.latest" "homepage" "version" "time"
9 verbose logfile logs-max:10 dir:c:\Users\hp\Documents\TaskSync_V2\clean\_logs\2025-07-09T00_14_55_538Z-
10 verbose logfile c:\Users\hp\Documents\TaskSync_V2\clean\_logs\2025-07-09T00_14_55_538Z-debug-0.log
11 silly logfile start cleaning logs, removing 1 files
12 silly logfile done cleaning log files
13 http fetch GET 200 https://registry.npmjs.org/@radix-ui%2freact-checkbox 2379ms (cache revalidated)
14 verbose cwd c:\Users\hp\Documents\TaskSync_V2
15 verbose os Windows_NT 10.0.19045
16 verbose node v22.11.0
17 verbose npm  v11.4.2
18 verbose exit 0
19 info ok
