0 verbose cli C:\Program Files\nodejs\node.exe C:\Users\hp\AppData\Roaming\npm\node_modules\npm\bin\npm-cli.js
0 verbose cli C:\Program Files\nodejs\node.exe C:\Users\hp\AppData\Roaming\npm\node_modules\npm\bin\npm-cli.js
1 info using npm@11.4.2
1 info using npm@11.4.2
2 info using node@v22.11.0
3 silly config load:file:C:\Users\hp\AppData\Roaming\npm\node_modules\npm\npmrc
4 silly config load:file:c:\Users\hp\Documents\TaskSync_V2\.npmrc
5 silly config load:file:C:\Users\hp\.npmrc
6 silly config load:file:C:\Users\hp\AppData\Roaming\npm\etc\npmrc
7 verbose title npm view @tailwindcss/postcss description dist-tags.latest homepage version time
8 verbose argv "view" "--json" "--" "@tailwindcss/postcss" "description" "dist-tags.latest" "homepage" "version" "time"
2 info using node@v22.11.0
3 silly config load:file:C:\Users\hp\AppData\Roaming\npm\node_modules\npm\npmrc
9 verbose logfile logs-max:10 dir:c:\Users\hp\Documents\TaskSync_V2\clean\_logs\2025-07-02T14_24_30_510Z-
10 verbose logfile c:\Users\hp\Documents\TaskSync_V2\clean\_logs\2025-07-02T14_24_30_510Z-debug-0.log
4 silly config load:file:c:\Users\hp\Documents\TaskSync_V2\.npmrc
5 silly config load:file:C:\Users\hp\.npmrc
6 silly config load:file:C:\Users\hp\AppData\Roaming\npm\etc\npmrc
7 verbose title npm view @radix-ui/react-label description dist-tags.latest homepage version time
8 verbose argv "view" "--json" "--" "@radix-ui/react-label" "description" "dist-tags.latest" "homepage" "version" "time"
9 verbose logfile logs-max:10 dir:c:\Users\hp\Documents\TaskSync_V2\clean\_logs\2025-07-02T14_24_30_510Z-
10 verbose logfile c:\Users\hp\Documents\TaskSync_V2\clean\_logs\2025-07-02T14_24_30_510Z-debug-0.log
11 silly logfile done cleaning log files
11 silly logfile done cleaning log files
12 http fetch GET 200 https://registry.npmjs.org/@tailwindcss%2fpostcss 4026ms (cache miss)
13 verbose cwd c:\Users\hp\Documents\TaskSync_V2
14 verbose os Windows_NT 10.0.19045
15 verbose node v22.11.0
16 verbose npm  v11.4.2
17 verbose exit 0
18 info ok
12 http fetch GET 200 https://registry.npmjs.org/@radix-ui%2freact-label 6145ms (cache miss)
13 verbose cwd c:\Users\hp\Documents\TaskSync_V2
14 verbose os Windows_NT 10.0.19045
15 verbose node v22.11.0
16 verbose npm  v11.4.2
17 verbose exit 0
18 info ok
