0 verbose cli C:\Program Files\nodejs\node.exe C:\Users\hp\AppData\Roaming\npm\node_modules\npm\bin\npm-cli.js
1 info using npm@11.4.2
2 info using node@v22.11.0
3 silly config load:file:C:\Users\hp\AppData\Roaming\npm\node_modules\npm\npmrc
4 silly config load:file:C:\Users\hp\Documents\TaskSync_V2\tasksync_v2\.npmrc
5 silly config load:file:C:\Users\hp\.npmrc
6 silly config load:file:C:\Users\hp\AppData\Roaming\npm\etc\npmrc
7 verbose title npm list @mui/material @mui/icons-material
8 verbose argv "list" "@mui/material" "@mui/icons-material"
9 verbose logfile logs-max:10 dir:C:\Users\hp\Documents\TaskSync_V2\tasksync_v2\clean\_logs\2025-06-30T23_44_33_329Z-
10 verbose logfile C:\Users\hp\Documents\TaskSync_V2\tasksync_v2\clean\_logs\2025-06-30T23_44_33_329Z-debug-0.log
11 silly logfile start cleaning logs, removing 1 files
12 silly logfile done cleaning log files
13 silly packumentCache heap:2197815296 maxSize:549453824 maxEntrySize:274726912
14 verbose cwd C:\Users\hp\Documents\TaskSync_V2\tasksync_v2
15 verbose os Windows_NT 10.0.19045
16 verbose node v22.11.0
17 verbose npm  v11.4.2
18 verbose exit 0
19 info ok
