0 verbose cli C:\Program Files\nodejs\node.exe C:\Users\hp\AppData\Roaming\npm\node_modules\npm\bin\npm-cli.js
1 info using npm@11.4.2
2 info using node@v22.11.0
3 silly config load:file:C:\Users\hp\AppData\Roaming\npm\node_modules\npm\npmrc
4 silly config load:file:C:\Users\hp\.npmrc
5 silly config load:file:C:\Users\hp\AppData\Roaming\npm\etc\npmrc
6 verbose title npm install @nestjs/cli
7 verbose argv "install" "--global" "@nestjs/cli"
8 verbose logfile logs-max:10 dir:C:\Users\hp\Documents\TaskSync_V2\backend\clean\_logs\2025-07-12T14_04_24_350Z-
9 verbose logfile C:\Users\hp\Documents\TaskSync_V2\backend\clean\_logs\2025-07-12T14_04_24_350Z-debug-0.log
10 silly packumentCache heap:2197815296 maxSize:549453824 maxEntrySize:274726912
11 silly logfile done cleaning log files
12 silly idealTree buildDeps
13 silly fetch manifest @nestjs/cli@*
14 silly packumentCache full:https://registry.npmjs.org/@nestjs%2fcli cache-miss
15 http fetch GET 200 https://registry.npmjs.org/@nestjs%2fcli 14983ms (cache miss)
16 silly packumentCache full:https://registry.npmjs.org/@nestjs%2fcli set size:undefined disposed:false
17 silly placeDep ROOT @nestjs/cli@11.0.7 OK for:  want: *
18 silly fetch manifest @angular-devkit/core@19.2.8
19 silly packumentCache full:https://registry.npmjs.org/@angular-devkit%2fcore cache-miss
20 silly fetch manifest @angular-devkit/schematics@19.2.8
21 silly packumentCache full:https://registry.npmjs.org/@angular-devkit%2fschematics cache-miss
22 silly fetch manifest @angular-devkit/schematics-cli@19.2.8
23 silly packumentCache full:https://registry.npmjs.org/@angular-devkit%2fschematics-cli cache-miss
24 http fetch GET 200 https://registry.npmjs.org/@angular-devkit%2fcore 6149ms (cache miss)
25 silly packumentCache full:https://registry.npmjs.org/@angular-devkit%2fcore set size:undefined disposed:false
26 silly fetch manifest @inquirer/prompts@7.4.1
27 silly packumentCache full:https://registry.npmjs.org/@inquirer%2fprompts cache-miss
28 http fetch GET 200 https://registry.npmjs.org/@inquirer%2fprompts 7593ms (cache miss)
29 silly packumentCache full:https://registry.npmjs.org/@inquirer%2fprompts set size:undefined disposed:false
30 silly fetch manifest @nestjs/schematics@^11.0.1
31 silly packumentCache full:https://registry.npmjs.org/@nestjs%2fschematics cache-miss
32 http fetch GET 200 https://registry.npmjs.org/@angular-devkit%2fschematics 19579ms (cache miss)
33 silly packumentCache full:https://registry.npmjs.org/@angular-devkit%2fschematics set size:undefined disposed:false
34 silly fetch manifest ansis@3.17.0
35 silly packumentCache full:https://registry.npmjs.org/ansis cache-miss
36 http fetch GET 200 https://registry.npmjs.org/@angular-devkit%2fschematics-cli 20930ms (cache miss)
37 silly packumentCache full:https://registry.npmjs.org/@angular-devkit%2fschematics-cli set size:undefined disposed:false
38 silly fetch manifest chokidar@4.0.3
39 silly packumentCache full:https://registry.npmjs.org/chokidar cache-miss
40 http fetch GET 200 https://registry.npmjs.org/@nestjs%2fschematics 8851ms (cache miss)
41 silly packumentCache full:https://registry.npmjs.org/@nestjs%2fschematics set size:undefined disposed:false
42 silly fetch manifest cli-table3@0.6.5
43 silly packumentCache full:https://registry.npmjs.org/cli-table3 cache-miss
44 http fetch GET 200 https://registry.npmjs.org/ansis 10646ms (cache miss)
45 silly packumentCache full:https://registry.npmjs.org/ansis set size:undefined disposed:false
46 silly fetch manifest commander@4.1.1
47 silly packumentCache full:https://registry.npmjs.org/commander cache-miss
48 http fetch GET 200 https://registry.npmjs.org/chokidar 15919ms (cache miss)
49 silly packumentCache full:https://registry.npmjs.org/chokidar set size:undefined disposed:false
50 silly fetch manifest fork-ts-checker-webpack-plugin@9.1.0
51 silly packumentCache full:https://registry.npmjs.org/fork-ts-checker-webpack-plugin cache-miss
52 http fetch GET 200 https://registry.npmjs.org/cli-table3 14851ms (cache miss)
53 silly packumentCache full:https://registry.npmjs.org/cli-table3 set size:undefined disposed:false
54 silly fetch manifest glob@11.0.1
55 silly packumentCache full:https://registry.npmjs.org/glob cache-miss
56 http fetch GET 200 https://registry.npmjs.org/commander 14617ms (cache miss)
57 silly packumentCache full:https://registry.npmjs.org/commander set size:undefined disposed:false
58 silly fetch manifest node-emoji@1.11.0
59 silly packumentCache full:https://registry.npmjs.org/node-emoji cache-miss
60 http fetch GET 200 https://registry.npmjs.org/fork-ts-checker-webpack-plugin 20649ms (cache miss)
61 silly packumentCache full:https://registry.npmjs.org/fork-ts-checker-webpack-plugin set size:undefined disposed:false
62 silly fetch manifest ora@5.4.1
63 silly packumentCache full:https://registry.npmjs.org/ora cache-miss
64 http fetch GET 200 https://registry.npmjs.org/ora 4981ms (cache miss)
65 silly packumentCache full:https://registry.npmjs.org/ora set size:undefined disposed:false
66 silly fetch manifest tree-kill@1.2.2
67 silly packumentCache full:https://registry.npmjs.org/tree-kill cache-miss
68 http fetch GET 200 https://registry.npmjs.org/tree-kill 7658ms (cache miss)
69 silly packumentCache full:https://registry.npmjs.org/tree-kill set size:undefined disposed:false
70 silly fetch manifest tsconfig-paths@4.2.0
71 silly packumentCache full:https://registry.npmjs.org/tsconfig-paths cache-miss
72 http fetch GET 200 https://registry.npmjs.org/glob 34205ms (cache miss)
73 silly packumentCache full:https://registry.npmjs.org/glob set size:undefined disposed:false
74 silly fetch manifest tsconfig-paths-webpack-plugin@4.2.0
75 silly packumentCache full:https://registry.npmjs.org/tsconfig-paths-webpack-plugin cache-miss
76 http fetch GET 200 https://registry.npmjs.org/tsconfig-paths 1767ms (cache miss)
77 silly packumentCache full:https://registry.npmjs.org/tsconfig-paths set size:undefined disposed:false
78 silly fetch manifest typescript@5.8.3
79 silly packumentCache full:https://registry.npmjs.org/typescript cache-miss
80 http fetch GET 200 https://registry.npmjs.org/tsconfig-paths-webpack-plugin 4293ms (cache miss)
81 silly packumentCache full:https://registry.npmjs.org/tsconfig-paths-webpack-plugin set size:undefined disposed:false
82 silly fetch manifest webpack@5.99.6
83 silly packumentCache full:https://registry.npmjs.org/webpack cache-miss
84 http fetch GET 200 https://registry.npmjs.org/node-emoji 44493ms (cache miss)
85 silly packumentCache full:https://registry.npmjs.org/node-emoji set size:undefined disposed:false
86 silly fetch manifest webpack-node-externals@3.0.0
87 silly packumentCache full:https://registry.npmjs.org/webpack-node-externals cache-miss
88 http fetch GET 200 https://registry.npmjs.org/webpack-node-externals 9366ms (cache miss)
89 silly packumentCache full:https://registry.npmjs.org/webpack-node-externals set size:undefined disposed:false
90 http fetch GET 200 https://registry.npmjs.org/webpack 31936ms (cache miss)
91 silly packumentCache full:https://registry.npmjs.org/webpack set size:undefined disposed:false
92 http fetch GET 200 https://registry.npmjs.org/typescript 90693ms (cache miss)
93 silly packumentCache full:https://registry.npmjs.org/typescript set size:undefined disposed:false
94 silly fetch manifest @types/node@>=18
95 silly packumentCache full:https://registry.npmjs.org/@types%2fnode cache-miss
96 http fetch GET 200 https://registry.npmjs.org/@types%2fnode 25427ms (cache miss)
97 silly packumentCache full:https://registry.npmjs.org/@types%2fnode set size:undefined disposed:false
98 silly placeDep node_modules/@nestjs/cli @angular-devkit/core@19.2.8 OK for: @nestjs/cli@11.0.7 want: 19.2.8
99 silly placeDep node_modules/@nestjs/cli @angular-devkit/schematics@19.2.8 OK for: @nestjs/cli@11.0.7 want: 19.2.8
100 silly placeDep node_modules/@nestjs/cli @angular-devkit/schematics-cli@19.2.8 OK for: @nestjs/cli@11.0.7 want: 19.2.8
101 silly placeDep node_modules/@nestjs/cli @inquirer/prompts@7.4.1 OK for: @nestjs/cli@11.0.7 want: 7.4.1
102 silly placeDep node_modules/@nestjs/cli @nestjs/schematics@11.0.5 OK for: @nestjs/cli@11.0.7 want: ^11.0.1
103 silly placeDep node_modules/@nestjs/cli typescript@5.8.3 OK for: @nestjs/schematics@11.0.5 want: >=4.8.2
104 silly placeDep node_modules/@nestjs/cli ansis@3.17.0 OK for: @nestjs/cli@11.0.7 want: 3.17.0
105 silly placeDep node_modules/@nestjs/cli chokidar@4.0.3 OK for: @nestjs/cli@11.0.7 want: 4.0.3
106 silly placeDep node_modules/@nestjs/cli cli-table3@0.6.5 OK for: @nestjs/cli@11.0.7 want: 0.6.5
107 silly placeDep node_modules/@nestjs/cli commander@4.1.1 OK for: @nestjs/cli@11.0.7 want: 4.1.1
108 silly placeDep node_modules/@nestjs/cli fork-ts-checker-webpack-plugin@9.1.0 OK for: @nestjs/cli@11.0.7 want: 9.1.0
109 silly placeDep node_modules/@nestjs/cli webpack@5.99.6 OK for: fork-ts-checker-webpack-plugin@9.1.0 want: ^5.11.0
110 silly placeDep node_modules/@nestjs/cli glob@11.0.1 OK for: @nestjs/cli@11.0.7 want: 11.0.1
111 silly placeDep node_modules/@nestjs/cli node-emoji@1.11.0 OK for: @nestjs/cli@11.0.7 want: 1.11.0
112 silly placeDep node_modules/@nestjs/cli ora@5.4.1 OK for: @nestjs/cli@11.0.7 want: 5.4.1
113 silly placeDep node_modules/@nestjs/cli tree-kill@1.2.2 OK for: @nestjs/cli@11.0.7 want: 1.2.2
114 silly placeDep node_modules/@nestjs/cli tsconfig-paths@4.2.0 OK for: @nestjs/cli@11.0.7 want: 4.2.0
115 silly placeDep node_modules/@nestjs/cli tsconfig-paths-webpack-plugin@4.2.0 OK for: @nestjs/cli@11.0.7 want: 4.2.0
116 silly placeDep node_modules/@nestjs/cli webpack-node-externals@3.0.0 OK for: @nestjs/cli@11.0.7 want: 3.0.0
117 silly fetch manifest ajv@8.17.1
118 silly packumentCache full:https://registry.npmjs.org/ajv cache-miss
119 silly fetch manifest rxjs@7.8.1
120 silly packumentCache full:https://registry.npmjs.org/rxjs cache-miss
121 silly fetch manifest picomatch@4.0.2
122 silly packumentCache full:https://registry.npmjs.org/picomatch cache-miss
123 http fetch GET 200 https://registry.npmjs.org/ajv 5166ms (cache miss)
124 silly packumentCache full:https://registry.npmjs.org/ajv set size:undefined disposed:false
125 silly fetch manifest source-map@0.7.4
126 silly packumentCache full:https://registry.npmjs.org/source-map cache-miss
127 http fetch GET 200 https://registry.npmjs.org/picomatch 5662ms (cache miss)
128 silly packumentCache full:https://registry.npmjs.org/picomatch set size:undefined disposed:false
129 silly fetch manifest ajv-formats@3.0.1
130 silly packumentCache full:https://registry.npmjs.org/ajv-formats cache-miss
131 http fetch GET 200 https://registry.npmjs.org/rxjs 7366ms (cache miss)
132 silly packumentCache full:https://registry.npmjs.org/rxjs set size:undefined disposed:false
133 silly fetch manifest jsonc-parser@3.3.1
134 silly packumentCache full:https://registry.npmjs.org/jsonc-parser cache-miss
135 http fetch GET 200 https://registry.npmjs.org/source-map 5029ms (cache miss)
136 silly packumentCache full:https://registry.npmjs.org/source-map set size:undefined disposed:false
137 silly fetch manifest jsonc-parser@3.3.1
138 silly packumentCache full:https://registry.npmjs.org/jsonc-parser cache-miss
139 http fetch GET 200 https://registry.npmjs.org/ajv-formats 5150ms (cache miss)
140 silly packumentCache full:https://registry.npmjs.org/ajv-formats set size:undefined disposed:false
141 silly fetch manifest magic-string@0.30.17
142 silly packumentCache full:https://registry.npmjs.org/magic-string cache-miss
143 http fetch GET 200 https://registry.npmjs.org/jsonc-parser 5766ms (cache miss)
144 silly packumentCache full:https://registry.npmjs.org/jsonc-parser set size:undefined disposed:false
145 silly fetch manifest ansi-colors@4.1.3
146 silly packumentCache full:https://registry.npmjs.org/ansi-colors cache-miss
147 http fetch GET 200 https://registry.npmjs.org/jsonc-parser 5971ms (cache miss)
148 silly packumentCache full:https://registry.npmjs.org/jsonc-parser set size:undefined disposed:false
149 silly fetch manifest yargs-parser@21.1.1
150 silly packumentCache full:https://registry.npmjs.org/yargs-parser cache-miss
151 http fetch GET 200 https://registry.npmjs.org/ansi-colors 3117ms (cache miss)
152 silly packumentCache full:https://registry.npmjs.org/ansi-colors set size:undefined disposed:false
153 silly fetch manifest @inquirer/prompts@7.3.2
154 silly packumentCache full:https://registry.npmjs.org/@inquirer%2fprompts cache-miss
155 http fetch GET 200 https://registry.npmjs.org/magic-string 5626ms (cache miss)
156 silly packumentCache full:https://registry.npmjs.org/magic-string set size:undefined disposed:false
157 silly fetch manifest symbol-observable@4.0.0
158 silly packumentCache full:https://registry.npmjs.org/symbol-observable cache-miss
159 http cache https://registry.npmjs.org/@inquirer%2fprompts 308ms (cache hit)
160 silly packumentCache full:https://registry.npmjs.org/@inquirer%2fprompts set size:233308 disposed:false
161 silly fetch manifest @inquirer/input@^4.1.9
162 silly packumentCache full:https://registry.npmjs.org/@inquirer%2finput cache-miss
163 http fetch GET 200 https://registry.npmjs.org/yargs-parser 807ms (cache miss)
164 silly packumentCache full:https://registry.npmjs.org/yargs-parser set size:undefined disposed:false
165 silly fetch manifest @inquirer/editor@^4.2.10
166 silly packumentCache full:https://registry.npmjs.org/@inquirer%2feditor cache-miss
167 http fetch GET 200 https://registry.npmjs.org/symbol-observable 776ms (cache miss)
168 silly packumentCache full:https://registry.npmjs.org/symbol-observable set size:undefined disposed:false
169 silly fetch manifest @inquirer/expand@^4.0.12
170 silly packumentCache full:https://registry.npmjs.org/@inquirer%2fexpand cache-miss
171 http fetch GET 200 https://registry.npmjs.org/@inquirer%2finput 1328ms (cache miss)
172 silly packumentCache full:https://registry.npmjs.org/@inquirer%2finput set size:undefined disposed:false
173 silly fetch manifest @inquirer/number@^3.0.12
174 silly packumentCache full:https://registry.npmjs.org/@inquirer%2fnumber cache-miss
175 http fetch GET 200 https://registry.npmjs.org/@inquirer%2feditor 1244ms (cache miss)
176 silly packumentCache full:https://registry.npmjs.org/@inquirer%2feditor set size:undefined disposed:false
177 silly fetch manifest @inquirer/search@^3.0.12
178 silly packumentCache full:https://registry.npmjs.org/@inquirer%2fsearch cache-miss
179 http fetch GET 200 https://registry.npmjs.org/@inquirer%2fexpand 1415ms (cache miss)
180 silly packumentCache full:https://registry.npmjs.org/@inquirer%2fexpand set size:undefined disposed:false
181 silly fetch manifest @inquirer/select@^4.1.1
182 silly packumentCache full:https://registry.npmjs.org/@inquirer%2fselect cache-miss
183 http fetch GET 200 https://registry.npmjs.org/@inquirer%2fnumber 965ms (cache miss)
184 silly packumentCache full:https://registry.npmjs.org/@inquirer%2fnumber set size:undefined disposed:false
185 silly fetch manifest @inquirer/confirm@^5.1.9
186 silly packumentCache full:https://registry.npmjs.org/@inquirer%2fconfirm cache-miss
187 http fetch GET 200 https://registry.npmjs.org/@inquirer%2fsearch 772ms (cache miss)
188 silly packumentCache full:https://registry.npmjs.org/@inquirer%2fsearch set size:undefined disposed:false
189 silly fetch manifest @inquirer/rawlist@^4.0.12
190 silly packumentCache full:https://registry.npmjs.org/@inquirer%2frawlist cache-miss
191 http fetch GET 200 https://registry.npmjs.org/@inquirer%2fselect 2150ms (cache miss)
192 silly packumentCache full:https://registry.npmjs.org/@inquirer%2fselect set size:undefined disposed:false
193 silly fetch manifest @inquirer/checkbox@^4.1.5
194 silly packumentCache full:https://registry.npmjs.org/@inquirer%2fcheckbox cache-miss
195 http fetch GET 200 https://registry.npmjs.org/@inquirer%2frawlist 1855ms (cache miss)
196 silly packumentCache full:https://registry.npmjs.org/@inquirer%2frawlist set size:undefined disposed:false
197 silly fetch manifest @inquirer/password@^4.0.12
198 silly packumentCache full:https://registry.npmjs.org/@inquirer%2fpassword cache-miss
199 http fetch GET 200 https://registry.npmjs.org/@inquirer%2fconfirm 1981ms (cache miss)
200 silly packumentCache full:https://registry.npmjs.org/@inquirer%2fconfirm set size:undefined disposed:false
201 silly fetch manifest @angular-devkit/core@19.2.6
202 silly packumentCache full:https://registry.npmjs.org/@angular-devkit%2fcore cache-miss
203 http cache https://registry.npmjs.org/@angular-devkit%2fcore 120ms (cache hit)
204 silly packumentCache full:https://registry.npmjs.org/@angular-devkit%2fcore set size:2091768 disposed:false
205 silly fetch manifest @angular-devkit/schematics@19.2.6
206 silly packumentCache full:https://registry.npmjs.org/@angular-devkit%2fschematics cache-miss
207 http cache https://registry.npmjs.org/@angular-devkit%2fschematics 288ms (cache hit)
208 silly packumentCache full:https://registry.npmjs.org/@angular-devkit%2fschematics set size:2090185 disposed:false
209 silly fetch manifest comment-json@4.2.5
210 silly packumentCache full:https://registry.npmjs.org/comment-json cache-miss
211 http fetch GET 200 https://registry.npmjs.org/@inquirer%2fcheckbox 1897ms (cache miss)
212 silly packumentCache full:https://registry.npmjs.org/@inquirer%2fcheckbox set size:undefined disposed:false
213 silly fetch manifest pluralize@8.0.0
214 silly packumentCache full:https://registry.npmjs.org/pluralize cache-miss
215 http fetch GET 200 https://registry.npmjs.org/@inquirer%2fpassword 2475ms (cache miss)
216 silly packumentCache full:https://registry.npmjs.org/@inquirer%2fpassword set size:undefined disposed:false
217 silly fetch manifest readdirp@^4.0.1
218 silly packumentCache full:https://registry.npmjs.org/readdirp cache-miss
219 http fetch GET 200 https://registry.npmjs.org/comment-json 2633ms (cache miss)
220 silly packumentCache full:https://registry.npmjs.org/comment-json set size:undefined disposed:false
221 silly fetch manifest string-width@^4.2.0
222 silly packumentCache full:https://registry.npmjs.org/string-width cache-miss
223 http fetch GET 200 https://registry.npmjs.org/pluralize 1626ms (cache miss)
224 silly packumentCache full:https://registry.npmjs.org/pluralize set size:undefined disposed:false
225 silly fetch manifest @colors/colors@1.5.0
226 silly packumentCache full:https://registry.npmjs.org/@colors%2fcolors cache-miss
227 http fetch GET 200 https://registry.npmjs.org/readdirp 2064ms (cache miss)
228 silly packumentCache full:https://registry.npmjs.org/readdirp set size:undefined disposed:false
229 silly fetch manifest @babel/code-frame@^7.16.7
230 silly packumentCache full:https://registry.npmjs.org/@babel%2fcode-frame cache-miss
231 http fetch GET 200 https://registry.npmjs.org/string-width 1775ms (cache miss)
232 silly packumentCache full:https://registry.npmjs.org/string-width set size:undefined disposed:false
233 silly fetch manifest chalk@^4.1.2
234 silly packumentCache full:https://registry.npmjs.org/chalk cache-miss
235 http fetch GET 200 https://registry.npmjs.org/@colors%2fcolors 1818ms (cache miss)
236 silly packumentCache full:https://registry.npmjs.org/@colors%2fcolors set size:undefined disposed:false
237 silly fetch manifest cosmiconfig@^8.2.0
238 silly packumentCache full:https://registry.npmjs.org/cosmiconfig cache-miss
239 http fetch GET 200 https://registry.npmjs.org/@babel%2fcode-frame 1188ms (cache miss)
240 silly packumentCache full:https://registry.npmjs.org/@babel%2fcode-frame set size:undefined disposed:false
241 silly fetch manifest deepmerge@^4.2.2
242 silly packumentCache full:https://registry.npmjs.org/deepmerge cache-miss
243 http fetch GET 200 https://registry.npmjs.org/deepmerge 4530ms (cache miss)
244 silly packumentCache full:https://registry.npmjs.org/deepmerge set size:undefined disposed:false
245 silly fetch manifest fs-extra@^10.0.0
246 silly packumentCache full:https://registry.npmjs.org/fs-extra cache-miss
247 http fetch GET 200 https://registry.npmjs.org/cosmiconfig 5176ms (cache miss)
248 silly packumentCache full:https://registry.npmjs.org/cosmiconfig set size:undefined disposed:false
249 silly fetch manifest memfs@^3.4.1
250 silly packumentCache full:https://registry.npmjs.org/memfs cache-miss
251 http fetch GET 200 https://registry.npmjs.org/chalk 8789ms (cache miss)
252 silly packumentCache full:https://registry.npmjs.org/chalk set size:undefined disposed:false
253 silly fetch manifest minimatch@^3.0.4
254 silly packumentCache full:https://registry.npmjs.org/minimatch cache-miss
255 http fetch GET 200 https://registry.npmjs.org/fs-extra 13019ms (cache miss)
256 silly packumentCache full:https://registry.npmjs.org/fs-extra set size:undefined disposed:false
257 silly fetch manifest node-abort-controller@^3.0.1
258 silly packumentCache full:https://registry.npmjs.org/node-abort-controller cache-miss
259 http fetch GET 200 https://registry.npmjs.org/minimatch 14218ms (cache miss)
260 silly packumentCache full:https://registry.npmjs.org/minimatch set size:undefined disposed:false
261 silly fetch manifest schema-utils@^3.1.1
262 silly packumentCache full:https://registry.npmjs.org/schema-utils cache-miss
263 http fetch GET 200 https://registry.npmjs.org/memfs 19115ms (cache miss)
264 silly packumentCache full:https://registry.npmjs.org/memfs set size:undefined disposed:false
265 silly fetch manifest semver@^7.3.5
266 silly packumentCache full:https://registry.npmjs.org/semver cache-miss
267 http fetch GET 200 https://registry.npmjs.org/node-abort-controller 13862ms (cache miss)
268 silly packumentCache full:https://registry.npmjs.org/node-abort-controller set size:undefined disposed:false
269 silly fetch manifest tapable@^2.2.1
270 silly packumentCache full:https://registry.npmjs.org/tapable cache-miss
271 http fetch GET 200 https://registry.npmjs.org/schema-utils 11785ms (cache miss)
272 silly packumentCache full:https://registry.npmjs.org/schema-utils set size:undefined disposed:false
273 silly fetch manifest acorn@^8.14.0
274 silly packumentCache full:https://registry.npmjs.org/acorn cache-miss
275 http fetch GET 200 https://registry.npmjs.org/semver 11637ms (cache miss)
276 silly packumentCache full:https://registry.npmjs.org/semver set size:undefined disposed:false
277 silly fetch manifest events@^3.2.0
278 silly packumentCache full:https://registry.npmjs.org/events cache-miss
279 http fetch GET 200 https://registry.npmjs.org/tapable 11740ms (cache miss)
280 silly packumentCache full:https://registry.npmjs.org/tapable set size:undefined disposed:false
281 silly fetch manifest tapable@^2.1.1
282 silly packumentCache full:https://registry.npmjs.org/tapable cache-miss
283 http cache https://registry.npmjs.org/tapable 4626ms (cache hit)
284 silly packumentCache full:https://registry.npmjs.org/tapable set size:105292 disposed:false
285 silly fetch manifest neo-async@^2.6.2
286 silly packumentCache full:https://registry.npmjs.org/neo-async cache-miss
287 http fetch GET 200 https://registry.npmjs.org/events 14574ms (cache miss)
288 silly packumentCache full:https://registry.npmjs.org/events set size:undefined disposed:false
289 silly fetch manifest watchpack@^2.4.1
290 silly packumentCache full:https://registry.npmjs.org/watchpack cache-miss
291 http fetch GET 200 https://registry.npmjs.org/neo-async 4210ms (cache miss)
292 silly packumentCache full:https://registry.npmjs.org/neo-async set size:undefined disposed:false
293 silly fetch manifest mime-types@^2.1.27
294 silly packumentCache full:https://registry.npmjs.org/mime-types cache-miss
295 http fetch GET 200 https://registry.npmjs.org/mime-types 5777ms (cache miss)
296 silly packumentCache full:https://registry.npmjs.org/mime-types set size:undefined disposed:false
297 silly fetch manifest graceful-fs@^4.2.11
298 silly packumentCache full:https://registry.npmjs.org/graceful-fs cache-miss
299 http fetch GET 200 https://registry.npmjs.org/watchpack 7717ms (cache miss)
300 silly packumentCache full:https://registry.npmjs.org/watchpack set size:undefined disposed:false
301 silly fetch manifest browserslist@^4.24.0
302 silly packumentCache full:https://registry.npmjs.org/browserslist cache-miss
303 http fetch GET 200 https://registry.npmjs.org/acorn 25376ms (cache miss)
304 silly packumentCache full:https://registry.npmjs.org/acorn set size:undefined disposed:false
305 silly fetch manifest eslint-scope@5.1.1
306 silly packumentCache full:https://registry.npmjs.org/eslint-scope cache-miss
307 http fetch GET 200 https://registry.npmjs.org/eslint-scope 5675ms (cache miss)
308 silly packumentCache full:https://registry.npmjs.org/eslint-scope set size:undefined disposed:false
309 silly fetch manifest schema-utils@^4.3.0
310 silly packumentCache full:https://registry.npmjs.org/schema-utils cache-miss
311 http fetch GET 200 https://registry.npmjs.org/graceful-fs 7441ms (cache miss)
312 silly packumentCache full:https://registry.npmjs.org/graceful-fs set size:undefined disposed:false
313 silly fetch manifest @types/estree@^1.0.6
314 silly packumentCache full:https://registry.npmjs.org/@types%2festree cache-miss
315 http cache https://registry.npmjs.org/schema-utils 1228ms (cache hit)
316 silly packumentCache full:https://registry.npmjs.org/schema-utils set size:162860 disposed:false
317 silly fetch manifest loader-runner@^4.2.0
318 silly packumentCache full:https://registry.npmjs.org/loader-runner cache-miss
319 http fetch GET 200 https://registry.npmjs.org/@types%2festree 2941ms (cache miss)
320 silly packumentCache full:https://registry.npmjs.org/@types%2festree set size:undefined disposed:false
321 silly fetch manifest glob-to-regexp@^0.4.1
322 silly packumentCache full:https://registry.npmjs.org/glob-to-regexp cache-miss
323 http fetch GET 200 https://registry.npmjs.org/loader-runner 9548ms (cache miss)
324 silly packumentCache full:https://registry.npmjs.org/loader-runner set size:undefined disposed:false
325 silly fetch manifest es-module-lexer@^1.2.1
326 silly packumentCache full:https://registry.npmjs.org/es-module-lexer cache-miss
327 http fetch GET 200 https://registry.npmjs.org/glob-to-regexp 9128ms (cache miss)
328 silly packumentCache full:https://registry.npmjs.org/glob-to-regexp set size:undefined disposed:false
329 silly fetch manifest webpack-sources@^3.2.3
330 silly packumentCache full:https://registry.npmjs.org/webpack-sources cache-miss
331 http fetch GET 200 https://registry.npmjs.org/browserslist 21515ms (cache miss)
332 silly packumentCache full:https://registry.npmjs.org/browserslist set size:undefined disposed:false
333 silly fetch manifest enhanced-resolve@^5.17.1
334 silly packumentCache full:https://registry.npmjs.org/enhanced-resolve cache-miss
335 http fetch GET 200 https://registry.npmjs.org/es-module-lexer 5034ms (cache miss)
336 silly packumentCache full:https://registry.npmjs.org/es-module-lexer set size:undefined disposed:false
337 silly fetch manifest @webassemblyjs/ast@^1.14.1
338 silly packumentCache full:https://registry.npmjs.org/@webassemblyjs%2fast cache-miss
339 http fetch GET 200 https://registry.npmjs.org/webpack-sources 12055ms (cache miss)
340 silly packumentCache full:https://registry.npmjs.org/webpack-sources set size:undefined disposed:false
341 silly fetch manifest chrome-trace-event@^1.0.2
342 silly packumentCache full:https://registry.npmjs.org/chrome-trace-event cache-miss
343 http fetch GET 200 https://registry.npmjs.org/@webassemblyjs%2fast 8395ms (cache miss)
344 silly packumentCache full:https://registry.npmjs.org/@webassemblyjs%2fast set size:undefined disposed:false
345 silly fetch manifest @types/eslint-scope@^3.7.7
346 silly packumentCache full:https://registry.npmjs.org/@types%2feslint-scope cache-miss
347 http fetch GET 200 https://registry.npmjs.org/enhanced-resolve 14753ms (cache miss)
348 silly packumentCache full:https://registry.npmjs.org/enhanced-resolve set size:undefined disposed:false
349 silly fetch manifest terser-webpack-plugin@^5.3.11
350 silly packumentCache full:https://registry.npmjs.org/terser-webpack-plugin cache-miss
351 http fetch GET 200 https://registry.npmjs.org/chrome-trace-event 6229ms (cache miss)
352 silly packumentCache full:https://registry.npmjs.org/chrome-trace-event set size:undefined disposed:false
353 silly fetch manifest @webassemblyjs/wasm-edit@^1.14.1
354 silly packumentCache full:https://registry.npmjs.org/@webassemblyjs%2fwasm-edit cache-miss
355 http fetch GET 200 https://registry.npmjs.org/@types%2feslint-scope 6221ms (cache miss)
356 silly packumentCache full:https://registry.npmjs.org/@types%2feslint-scope set size:undefined disposed:false
357 silly fetch manifest @webassemblyjs/wasm-parser@^1.14.1
358 silly packumentCache full:https://registry.npmjs.org/@webassemblyjs%2fwasm-parser cache-miss
359 http fetch GET 200 https://registry.npmjs.org/@webassemblyjs%2fwasm-edit 3800ms (cache miss)
360 silly packumentCache full:https://registry.npmjs.org/@webassemblyjs%2fwasm-edit set size:undefined disposed:false
361 silly fetch manifest json-parse-even-better-errors@^2.3.1
362 silly packumentCache full:https://registry.npmjs.org/json-parse-even-better-errors cache-miss
363 http fetch GET 200 https://registry.npmjs.org/@webassemblyjs%2fwasm-parser 10063ms (cache miss)
364 silly packumentCache full:https://registry.npmjs.org/@webassemblyjs%2fwasm-parser set size:undefined disposed:false
365 silly fetch manifest minipass@^7.1.2
366 silly packumentCache full:https://registry.npmjs.org/minipass cache-miss
367 http fetch GET 200 https://registry.npmjs.org/terser-webpack-plugin 11857ms (cache miss)
368 silly packumentCache full:https://registry.npmjs.org/terser-webpack-plugin set size:undefined disposed:false
369 silly fetch manifest jackspeak@^4.0.1
370 silly packumentCache full:https://registry.npmjs.org/jackspeak cache-miss
371 http fetch GET 200 https://registry.npmjs.org/json-parse-even-better-errors 16625ms (cache miss)
372 silly packumentCache full:https://registry.npmjs.org/json-parse-even-better-errors set size:undefined disposed:false
373 silly fetch manifest minimatch@^10.0.0
374 silly packumentCache full:https://registry.npmjs.org/minimatch cache-miss
375 http cache https://registry.npmjs.org/minimatch 2407ms (cache hit)
376 silly packumentCache full:https://registry.npmjs.org/minimatch set size:298903 disposed:false
377 silly fetch manifest path-scurry@^2.0.0
378 silly packumentCache full:https://registry.npmjs.org/path-scurry cache-miss
379 http fetch GET 200 https://registry.npmjs.org/jackspeak 20201ms (cache miss)
380 silly packumentCache full:https://registry.npmjs.org/jackspeak set size:undefined disposed:false
381 silly fetch manifest foreground-child@^3.1.0
382 silly packumentCache full:https://registry.npmjs.org/foreground-child cache-miss
383 http fetch GET 200 https://registry.npmjs.org/minipass 32605ms (cache miss)
384 silly packumentCache full:https://registry.npmjs.org/minipass set size:undefined disposed:false
385 silly fetch manifest package-json-from-dist@^1.0.0
386 silly packumentCache full:https://registry.npmjs.org/package-json-from-dist cache-miss
387 http fetch GET 200 https://registry.npmjs.org/path-scurry 20533ms (cache miss)
388 silly packumentCache full:https://registry.npmjs.org/path-scurry set size:undefined disposed:false
389 silly fetch manifest lodash@^4.17.21
390 silly packumentCache full:https://registry.npmjs.org/lodash cache-miss
391 http fetch GET 200 https://registry.npmjs.org/foreground-child 16754ms (cache miss)
392 silly packumentCache full:https://registry.npmjs.org/foreground-child set size:undefined disposed:false
393 silly fetch manifest bl@^4.1.0
394 silly packumentCache full:https://registry.npmjs.org/bl cache-miss
395 http fetch GET 200 https://registry.npmjs.org/package-json-from-dist 17803ms (cache miss)
396 silly packumentCache full:https://registry.npmjs.org/package-json-from-dist set size:undefined disposed:false
397 silly fetch manifest chalk@^4.1.0
398 silly packumentCache full:https://registry.npmjs.org/chalk cache-miss
399 http cache https://registry.npmjs.org/chalk 82ms (cache hit)
400 silly packumentCache full:https://registry.npmjs.org/chalk set size:122561 disposed:false
401 silly fetch manifest wcwidth@^1.0.1
402 silly packumentCache full:https://registry.npmjs.org/wcwidth cache-miss
403 http fetch GET 200 https://registry.npmjs.org/lodash 23900ms (cache miss)
404 silly packumentCache full:https://registry.npmjs.org/lodash set size:undefined disposed:false
405 silly fetch manifest cli-cursor@^3.1.0
406 silly packumentCache full:https://registry.npmjs.org/cli-cursor cache-miss
407 http fetch GET 200 https://registry.npmjs.org/bl 22647ms (cache miss)
408 silly packumentCache full:https://registry.npmjs.org/bl set size:undefined disposed:false
409 silly fetch manifest strip-ansi@^6.0.0
410 silly packumentCache full:https://registry.npmjs.org/strip-ansi cache-miss
411 http fetch GET 200 https://registry.npmjs.org/wcwidth 48021ms (cache miss)
412 silly packumentCache full:https://registry.npmjs.org/wcwidth set size:undefined disposed:false
413 silly fetch manifest log-symbols@^4.1.0
414 silly packumentCache full:https://registry.npmjs.org/log-symbols cache-miss
415 http fetch GET 200 https://registry.npmjs.org/cli-cursor 75717ms (cache miss)
416 silly packumentCache full:https://registry.npmjs.org/cli-cursor set size:undefined disposed:false
417 silly fetch manifest cli-spinners@^2.5.0
418 silly packumentCache full:https://registry.npmjs.org/cli-spinners cache-miss
419 http fetch GET 200 https://registry.npmjs.org/strip-ansi 72771ms (cache miss)
420 silly packumentCache full:https://registry.npmjs.org/strip-ansi set size:undefined disposed:false
421 silly fetch manifest is-interactive@^1.0.0
422 silly packumentCache full:https://registry.npmjs.org/is-interactive cache-miss
423 http fetch GET 200 https://registry.npmjs.org/log-symbols 42450ms (cache miss)
424 silly packumentCache full:https://registry.npmjs.org/log-symbols set size:undefined disposed:false
425 silly fetch manifest is-unicode-supported@^0.1.0
426 silly packumentCache full:https://registry.npmjs.org/is-unicode-supported cache-miss
427 http fetch GET 200 https://registry.npmjs.org/cli-spinners 18630ms (cache miss)
428 silly packumentCache full:https://registry.npmjs.org/cli-spinners set size:undefined disposed:false
429 silly fetch manifest json5@^2.2.2
430 silly packumentCache full:https://registry.npmjs.org/json5 cache-miss
431 http fetch GET 200 https://registry.npmjs.org/is-unicode-supported 10329ms (cache miss)
432 silly packumentCache full:https://registry.npmjs.org/is-unicode-supported set size:undefined disposed:false
433 silly fetch manifest minimist@^1.2.6
434 silly packumentCache full:https://registry.npmjs.org/minimist cache-miss
435 http fetch GET 200 https://registry.npmjs.org/is-interactive 18817ms (cache miss)
436 silly packumentCache full:https://registry.npmjs.org/is-interactive set size:undefined disposed:false
437 silly fetch manifest strip-bom@^3.0.0
438 silly packumentCache full:https://registry.npmjs.org/strip-bom cache-miss
439 http fetch GET 200 https://registry.npmjs.org/strip-bom 2247ms (cache miss)
440 silly packumentCache full:https://registry.npmjs.org/strip-bom set size:undefined disposed:false
441 silly fetch manifest enhanced-resolve@^5.7.0
442 silly packumentCache full:https://registry.npmjs.org/enhanced-resolve cache-miss
443 http fetch GET 200 https://registry.npmjs.org/json5 2545ms (cache miss)
444 silly packumentCache full:https://registry.npmjs.org/json5 set size:undefined disposed:false
445 http cache https://registry.npmjs.org/enhanced-resolve 210ms (cache hit)
446 silly packumentCache full:https://registry.npmjs.org/enhanced-resolve set size:336510 disposed:false
447 http fetch GET 200 https://registry.npmjs.org/minimist 4818ms (cache miss)
448 silly packumentCache full:https://registry.npmjs.org/minimist set size:undefined disposed:false
449 silly placeDep node_modules/@nestjs/cli ajv@8.17.1 OK for: @angular-devkit/core@19.2.8 want: 8.17.1
450 silly placeDep node_modules/@nestjs/cli ajv-formats@3.0.1 OK for: @angular-devkit/core@19.2.8 want: 3.0.1
451 silly placeDep node_modules/@nestjs/cli jsonc-parser@3.3.1 OK for: @angular-devkit/core@19.2.8 want: 3.3.1
452 silly placeDep node_modules/@nestjs/cli picomatch@4.0.2 OK for: @angular-devkit/core@19.2.8 want: 4.0.2
453 silly placeDep node_modules/@nestjs/cli rxjs@7.8.1 OK for: @angular-devkit/core@19.2.8 want: 7.8.1
454 silly placeDep node_modules/@nestjs/cli source-map@0.7.4 OK for: @angular-devkit/core@19.2.8 want: 0.7.4
455 silly fetch manifest fast-uri@^3.0.1
456 silly packumentCache full:https://registry.npmjs.org/fast-uri cache-miss
457 silly fetch manifest fast-deep-equal@^3.1.3
458 silly packumentCache full:https://registry.npmjs.org/fast-deep-equal cache-miss
459 silly fetch manifest require-from-string@^2.0.2
460 silly packumentCache full:https://registry.npmjs.org/require-from-string cache-miss
461 http fetch GET 200 https://registry.npmjs.org/fast-deep-equal 3604ms (cache miss)
462 silly packumentCache full:https://registry.npmjs.org/fast-deep-equal set size:undefined disposed:false
463 silly fetch manifest json-schema-traverse@^1.0.0
464 silly packumentCache full:https://registry.npmjs.org/json-schema-traverse cache-miss
465 http fetch GET 200 https://registry.npmjs.org/require-from-string 3650ms (cache miss)
466 silly packumentCache full:https://registry.npmjs.org/require-from-string set size:undefined disposed:false
467 silly fetch manifest tslib@^2.1.0
468 silly packumentCache full:https://registry.npmjs.org/tslib cache-miss
469 http fetch GET 200 https://registry.npmjs.org/fast-uri 3722ms (cache miss)
470 silly packumentCache full:https://registry.npmjs.org/fast-uri set size:undefined disposed:false
471 http fetch GET 200 https://registry.npmjs.org/json-schema-traverse 7994ms (cache miss)
472 silly packumentCache full:https://registry.npmjs.org/json-schema-traverse set size:undefined disposed:false
473 http fetch GET 200 https://registry.npmjs.org/tslib 8024ms (cache miss)
474 silly packumentCache full:https://registry.npmjs.org/tslib set size:undefined disposed:false
475 silly placeDep node_modules/@nestjs/cli magic-string@0.30.17 OK for: @angular-devkit/schematics@19.2.8 want: 0.30.17
476 silly fetch manifest @jridgewell/sourcemap-codec@^1.5.0
477 silly packumentCache full:https://registry.npmjs.org/@jridgewell%2fsourcemap-codec cache-miss
478 http fetch GET 200 https://registry.npmjs.org/@jridgewell%2fsourcemap-codec 6338ms (cache miss)
479 silly packumentCache full:https://registry.npmjs.org/@jridgewell%2fsourcemap-codec set size:undefined disposed:false
480 silly placeDep node_modules/@nestjs/cli/node_modules/@angular-devkit/schematics-cli @inquirer/prompts@7.3.2 OK for: @angular-devkit/schematics-cli@19.2.8 want: 7.3.2
481 silly placeDep node_modules/@nestjs/cli ansi-colors@4.1.3 OK for: @angular-devkit/schematics-cli@19.2.8 want: 4.1.3
482 silly placeDep node_modules/@nestjs/cli symbol-observable@4.0.0 OK for: @angular-devkit/schematics-cli@19.2.8 want: 4.0.0
483 silly placeDep node_modules/@nestjs/cli yargs-parser@21.1.1 OK for: @angular-devkit/schematics-cli@19.2.8 want: 21.1.1
484 silly fetch manifest @inquirer/input@^4.1.6
485 silly packumentCache full:https://registry.npmjs.org/@inquirer%2finput cache-miss
486 silly fetch manifest @inquirer/editor@^4.2.7
487 silly packumentCache full:https://registry.npmjs.org/@inquirer%2feditor cache-miss
488 silly fetch manifest @inquirer/expand@^4.0.9
489 silly packumentCache full:https://registry.npmjs.org/@inquirer%2fexpand cache-miss
490 http cache https://registry.npmjs.org/@inquirer%2finput 7409ms (cache hit)
491 silly packumentCache full:https://registry.npmjs.org/@inquirer%2finput set size:254167 disposed:false
492 silly fetch manifest @inquirer/number@^3.0.9
493 silly packumentCache full:https://registry.npmjs.org/@inquirer%2fnumber cache-miss
494 http cache https://registry.npmjs.org/@inquirer%2feditor 7509ms (cache hit)
495 silly packumentCache full:https://registry.npmjs.org/@inquirer%2feditor set size:251222 disposed:false
496 silly fetch manifest @inquirer/search@^3.0.9
497 silly packumentCache full:https://registry.npmjs.org/@inquirer%2fsearch cache-miss
498 http cache https://registry.npmjs.org/@inquirer%2fexpand 7568ms (cache hit)
499 silly packumentCache full:https://registry.npmjs.org/@inquirer%2fexpand set size:257828 disposed:false
500 silly fetch manifest @inquirer/select@^4.0.9
501 silly packumentCache full:https://registry.npmjs.org/@inquirer%2fselect cache-miss
502 http fetch GET 200 https://registry.npmjs.org/@inquirer%2fselect 19374ms (cache revalidated)
503 silly packumentCache full:https://registry.npmjs.org/@inquirer%2fselect set size:267279 disposed:false
504 silly fetch manifest @inquirer/confirm@^5.1.6
505 silly packumentCache full:https://registry.npmjs.org/@inquirer%2fconfirm cache-miss
506 http fetch GET 200 https://registry.npmjs.org/@inquirer%2fnumber 19758ms (cache revalidated)
507 silly packumentCache full:https://registry.npmjs.org/@inquirer%2fnumber set size:79890 disposed:false
508 silly fetch manifest @inquirer/rawlist@^4.0.9
509 silly packumentCache full:https://registry.npmjs.org/@inquirer%2frawlist cache-miss
510 http fetch GET 200 https://registry.npmjs.org/@inquirer%2fsearch 19917ms (cache revalidated)
511 silly packumentCache full:https://registry.npmjs.org/@inquirer%2fsearch set size:74088 disposed:false
512 silly fetch manifest @inquirer/checkbox@^4.1.2
513 silly packumentCache full:https://registry.npmjs.org/@inquirer%2fcheckbox cache-miss
514 http fetch GET 200 https://registry.npmjs.org/@inquirer%2frawlist 14251ms (cache revalidated)
515 silly packumentCache full:https://registry.npmjs.org/@inquirer%2frawlist set size:226584 disposed:false
516 silly fetch manifest @inquirer/password@^4.0.9
517 silly packumentCache full:https://registry.npmjs.org/@inquirer%2fpassword cache-miss
518 http fetch GET 200 https://registry.npmjs.org/@inquirer%2fcheckbox 14231ms (cache revalidated)
519 silly packumentCache full:https://registry.npmjs.org/@inquirer%2fcheckbox set size:276746 disposed:false
520 http fetch GET 200 https://registry.npmjs.org/@inquirer%2fconfirm 14963ms (cache revalidated)
521 silly packumentCache full:https://registry.npmjs.org/@inquirer%2fconfirm set size:258316 disposed:false
522 http fetch GET 200 https://registry.npmjs.org/@inquirer%2fpassword 17381ms (cache revalidated)
523 silly packumentCache full:https://registry.npmjs.org/@inquirer%2fpassword set size:256928 disposed:false
524 silly placeDep node_modules/@nestjs/cli @inquirer/checkbox@4.1.9 OK for: @inquirer/prompts@7.4.1 want: ^4.1.5
525 silly placeDep node_modules/@nestjs/cli @inquirer/confirm@5.1.13 OK for: @inquirer/prompts@7.4.1 want: ^5.1.9
526 silly placeDep node_modules/@nestjs/cli @inquirer/editor@4.2.14 OK for: @inquirer/prompts@7.4.1 want: ^4.2.10
527 silly placeDep node_modules/@nestjs/cli @inquirer/expand@4.0.16 OK for: @inquirer/prompts@7.4.1 want: ^4.0.12
528 silly placeDep node_modules/@nestjs/cli @inquirer/input@4.2.0 OK for: @inquirer/prompts@7.4.1 want: ^4.1.9
529 silly placeDep node_modules/@nestjs/cli @inquirer/number@3.0.16 OK for: @inquirer/prompts@7.4.1 want: ^3.0.12
530 silly placeDep node_modules/@nestjs/cli @inquirer/password@4.0.16 OK for: @inquirer/prompts@7.4.1 want: ^4.0.12
531 silly placeDep node_modules/@nestjs/cli @inquirer/rawlist@4.1.4 OK for: @inquirer/prompts@7.4.1 want: ^4.0.12
532 silly placeDep node_modules/@nestjs/cli @inquirer/search@3.0.16 OK for: @inquirer/prompts@7.4.1 want: ^3.0.12
533 silly placeDep node_modules/@nestjs/cli @inquirer/select@4.2.4 OK for: @inquirer/prompts@7.4.1 want: ^4.1.1
534 silly fetch manifest @inquirer/core@^10.1.14
535 silly packumentCache full:https://registry.npmjs.org/@inquirer%2fcore cache-miss
536 silly fetch manifest @inquirer/figures@^1.0.12
537 silly packumentCache full:https://registry.npmjs.org/@inquirer%2ffigures cache-miss
538 silly fetch manifest @inquirer/type@^3.0.7
539 silly packumentCache full:https://registry.npmjs.org/@inquirer%2ftype cache-miss
540 http fetch GET 200 https://registry.npmjs.org/@inquirer%2ftype 5945ms (cache miss)
541 silly packumentCache full:https://registry.npmjs.org/@inquirer%2ftype set size:undefined disposed:false
542 silly fetch manifest ansi-escapes@^4.3.2
543 silly packumentCache full:https://registry.npmjs.org/ansi-escapes cache-miss
544 http fetch GET 200 https://registry.npmjs.org/@inquirer%2ffigures 6735ms (cache miss)
545 silly packumentCache full:https://registry.npmjs.org/@inquirer%2ffigures set size:undefined disposed:false
546 silly fetch manifest yoctocolors-cjs@^2.1.2
547 silly packumentCache full:https://registry.npmjs.org/yoctocolors-cjs cache-miss
548 http fetch GET 200 https://registry.npmjs.org/@inquirer%2fcore 7217ms (cache miss)
549 silly packumentCache full:https://registry.npmjs.org/@inquirer%2fcore set size:undefined disposed:false
550 silly fetch manifest external-editor@^3.1.0
551 silly packumentCache full:https://registry.npmjs.org/external-editor cache-miss
552 http fetch GET 200 https://registry.npmjs.org/yoctocolors-cjs 3614ms (cache miss)
553 silly packumentCache full:https://registry.npmjs.org/yoctocolors-cjs set size:undefined disposed:false
554 silly fetch manifest ansi-escapes@^4.3.2
555 silly packumentCache full:https://registry.npmjs.org/ansi-escapes cache-miss
556 http fetch GET 200 https://registry.npmjs.org/external-editor 4148ms (cache miss)
557 silly packumentCache full:https://registry.npmjs.org/external-editor set size:undefined disposed:false
558 silly fetch manifest ansi-escapes@^4.3.2
559 silly packumentCache full:https://registry.npmjs.org/ansi-escapes cache-miss
560 http fetch GET 200 https://registry.npmjs.org/ansi-escapes 4601ms (cache miss)
561 silly packumentCache full:https://registry.npmjs.org/ansi-escapes set size:undefined disposed:false
562 http fetch GET 200 https://registry.npmjs.org/ansi-escapes 9097ms (cache miss)
563 silly packumentCache full:https://registry.npmjs.org/ansi-escapes set size:undefined disposed:false
564 http fetch GET 200 https://registry.npmjs.org/ansi-escapes 3648ms (cache miss)
565 silly packumentCache full:https://registry.npmjs.org/ansi-escapes set size:undefined disposed:false
566 silly placeDep node_modules/@nestjs/cli @inquirer/core@10.1.14 OK for: @inquirer/checkbox@4.1.9 want: ^10.1.14
567 silly placeDep node_modules/@nestjs/cli @inquirer/figures@1.0.12 OK for: @inquirer/checkbox@4.1.9 want: ^1.0.12
568 silly placeDep node_modules/@nestjs/cli @inquirer/type@3.0.7 OK for: @inquirer/checkbox@4.1.9 want: ^3.0.7
569 silly placeDep node_modules/@nestjs/cli ansi-escapes@4.3.2 OK for: @inquirer/checkbox@4.1.9 want: ^4.3.2
570 silly placeDep node_modules/@nestjs/cli yoctocolors-cjs@2.1.2 OK for: @inquirer/checkbox@4.1.9 want: ^2.1.2
571 silly fetch manifest cli-width@^4.1.0
572 silly packumentCache full:https://registry.npmjs.org/cli-width cache-miss
573 silly fetch manifest mute-stream@^2.0.0
574 silly packumentCache full:https://registry.npmjs.org/mute-stream cache-miss
575 silly fetch manifest signal-exit@^4.1.0
576 silly packumentCache full:https://registry.npmjs.org/signal-exit cache-miss
577 http fetch GET 200 https://registry.npmjs.org/cli-width 613ms (cache miss)
578 silly packumentCache full:https://registry.npmjs.org/cli-width set size:undefined disposed:false
579 silly fetch manifest wrap-ansi@^6.2.0
580 silly packumentCache full:https://registry.npmjs.org/wrap-ansi cache-miss
581 http fetch GET 200 https://registry.npmjs.org/mute-stream 1117ms (cache miss)
582 silly packumentCache full:https://registry.npmjs.org/mute-stream set size:undefined disposed:false
583 silly fetch manifest type-fest@^0.21.3
584 silly packumentCache full:https://registry.npmjs.org/type-fest cache-miss
585 http fetch GET 200 https://registry.npmjs.org/wrap-ansi 3712ms (cache miss)
586 silly packumentCache full:https://registry.npmjs.org/wrap-ansi set size:undefined disposed:false
587 http fetch GET 200 https://registry.npmjs.org/signal-exit 7911ms (cache miss)
588 silly packumentCache full:https://registry.npmjs.org/signal-exit set size:undefined disposed:false
589 http fetch GET 200 https://registry.npmjs.org/type-fest 13541ms (cache miss)
590 silly packumentCache full:https://registry.npmjs.org/type-fest set size:undefined disposed:false
591 silly placeDep node_modules/@nestjs/cli cli-width@4.1.0 OK for: @inquirer/core@10.1.14 want: ^4.1.0
592 silly placeDep node_modules/@nestjs/cli mute-stream@2.0.0 OK for: @inquirer/core@10.1.14 want: ^2.0.0
593 silly placeDep node_modules/@nestjs/cli signal-exit@4.1.0 OK for: @inquirer/core@10.1.14 want: ^4.1.0
594 silly placeDep node_modules/@nestjs/cli wrap-ansi@6.2.0 OK for: @inquirer/core@10.1.14 want: ^6.2.0
595 silly fetch manifest ansi-styles@^4.0.0
596 silly packumentCache full:https://registry.npmjs.org/ansi-styles cache-miss
597 silly fetch manifest string-width@^4.1.0
598 silly packumentCache full:https://registry.npmjs.org/string-width cache-miss
599 http fetch GET 200 https://registry.npmjs.org/string-width 1949ms (cache revalidated)
600 silly packumentCache full:https://registry.npmjs.org/string-width set size:61460 disposed:false
601 http fetch GET 200 https://registry.npmjs.org/ansi-styles 3507ms (cache miss)
602 silly packumentCache full:https://registry.npmjs.org/ansi-styles set size:undefined disposed:false
603 silly placeDep node_modules/@nestjs/cli external-editor@3.1.0 OK for: @inquirer/editor@4.2.14 want: ^3.1.0
604 silly fetch manifest chardet@^0.7.0
605 silly packumentCache full:https://registry.npmjs.org/chardet cache-miss
606 silly fetch manifest iconv-lite@^0.4.24
607 silly packumentCache full:https://registry.npmjs.org/iconv-lite cache-miss
608 silly fetch manifest tmp@^0.0.33
609 silly packumentCache full:https://registry.npmjs.org/tmp cache-miss
610 http fetch GET 200 https://registry.npmjs.org/iconv-lite 6968ms (cache miss)
611 silly packumentCache full:https://registry.npmjs.org/iconv-lite set size:undefined disposed:false
612 http fetch GET 200 https://registry.npmjs.org/chardet 7231ms (cache miss)
613 silly packumentCache full:https://registry.npmjs.org/chardet set size:undefined disposed:false
614 http fetch GET 200 https://registry.npmjs.org/tmp 8235ms (cache miss)
615 silly packumentCache full:https://registry.npmjs.org/tmp set size:undefined disposed:false
616 silly fetch manifest chokidar@^4.0.0
617 silly packumentCache full:https://registry.npmjs.org/chokidar cache-miss
618 http fetch GET 200 https://registry.npmjs.org/chokidar 8015ms (cache revalidated)
619 silly packumentCache full:https://registry.npmjs.org/chokidar set size:253451 disposed:false
620 silly placeDep node_modules/@nestjs/cli/node_modules/@nestjs/schematics @angular-devkit/core@19.2.6 OK for: @nestjs/schematics@11.0.5 want: 19.2.6
621 silly placeDep node_modules/@nestjs/cli/node_modules/@nestjs/schematics @angular-devkit/schematics@19.2.6 OK for: @nestjs/schematics@11.0.5 want: 19.2.6
622 silly placeDep node_modules/@nestjs/cli comment-json@4.2.5 OK for: @nestjs/schematics@11.0.5 want: 4.2.5
623 silly placeDep node_modules/@nestjs/cli pluralize@8.0.0 OK for: @nestjs/schematics@11.0.5 want: 8.0.0
624 silly fetch manifest array-timsort@^1.0.3
625 silly packumentCache full:https://registry.npmjs.org/array-timsort cache-miss
626 silly fetch manifest core-util-is@^1.0.3
627 silly packumentCache full:https://registry.npmjs.org/core-util-is cache-miss
628 silly fetch manifest esprima@^4.0.1
629 silly packumentCache full:https://registry.npmjs.org/esprima cache-miss
630 http fetch GET 200 https://registry.npmjs.org/core-util-is 11995ms (cache miss)
631 silly packumentCache full:https://registry.npmjs.org/core-util-is set size:undefined disposed:false
632 silly fetch manifest has-own-prop@^2.0.0
633 silly packumentCache full:https://registry.npmjs.org/has-own-prop cache-miss
634 http fetch GET 200 https://registry.npmjs.org/array-timsort 12686ms (cache miss)
635 silly packumentCache full:https://registry.npmjs.org/array-timsort set size:undefined disposed:false
636 silly fetch manifest repeat-string@^1.6.1
637 silly packumentCache full:https://registry.npmjs.org/repeat-string cache-miss
638 http fetch GET 200 https://registry.npmjs.org/esprima 13000ms (cache miss)
639 silly packumentCache full:https://registry.npmjs.org/esprima set size:undefined disposed:false
640 http fetch GET 200 https://registry.npmjs.org/has-own-prop 11379ms (cache miss)
641 silly packumentCache full:https://registry.npmjs.org/has-own-prop set size:undefined disposed:false
642 http fetch GET 200 https://registry.npmjs.org/repeat-string 12565ms (cache miss)
643 silly packumentCache full:https://registry.npmjs.org/repeat-string set size:undefined disposed:false
644 silly placeDep node_modules/@nestjs/cli fast-deep-equal@3.1.3 OK for: ajv@8.17.1 want: ^3.1.3
645 silly placeDep node_modules/@nestjs/cli fast-uri@3.0.6 OK for: ajv@8.17.1 want: ^3.0.1
646 silly placeDep node_modules/@nestjs/cli json-schema-traverse@1.0.0 OK for: ajv@8.17.1 want: ^1.0.0
647 silly placeDep node_modules/@nestjs/cli require-from-string@2.0.2 OK for: ajv@8.17.1 want: ^2.0.2
648 silly placeDep node_modules/@nestjs/cli type-fest@0.21.3 OK for: ansi-escapes@4.3.2 want: ^0.21.3
649 silly placeDep node_modules/@nestjs/cli readdirp@4.1.2 OK for: chokidar@4.0.3 want: ^4.0.1
650 silly placeDep node_modules/@nestjs/cli @colors/colors@1.5.0 OK for: cli-table3@0.6.5 want: 1.5.0
651 silly placeDep node_modules/@nestjs/cli string-width@4.2.3 OK for: cli-table3@0.6.5 want: ^4.2.0
652 silly fetch manifest strip-ansi@^6.0.1
653 silly packumentCache full:https://registry.npmjs.org/strip-ansi cache-miss
654 silly fetch manifest emoji-regex@^8.0.0
655 silly packumentCache full:https://registry.npmjs.org/emoji-regex cache-miss
656 silly fetch manifest is-fullwidth-code-point@^3.0.0
657 silly packumentCache full:https://registry.npmjs.org/is-fullwidth-code-point cache-miss
658 http cache https://registry.npmjs.org/strip-ansi 191ms (cache hit)
659 silly packumentCache full:https://registry.npmjs.org/strip-ansi set size:43180 disposed:false
660 http fetch GET 200 https://registry.npmjs.org/is-fullwidth-code-point 18514ms (cache miss)
661 silly packumentCache full:https://registry.npmjs.org/is-fullwidth-code-point set size:undefined disposed:false
662 http fetch GET 200 https://registry.npmjs.org/emoji-regex 18771ms (cache miss)
663 silly packumentCache full:https://registry.npmjs.org/emoji-regex set size:undefined disposed:false
664 silly placeDep node_modules/@nestjs/cli array-timsort@1.0.3 OK for: comment-json@4.2.5 want: ^1.0.3
665 silly placeDep node_modules/@nestjs/cli core-util-is@1.0.3 OK for: comment-json@4.2.5 want: ^1.0.3
666 silly placeDep node_modules/@nestjs/cli esprima@4.0.1 OK for: comment-json@4.2.5 want: ^4.0.1
667 silly placeDep node_modules/@nestjs/cli has-own-prop@2.0.0 OK for: comment-json@4.2.5 want: ^2.0.0
668 silly placeDep node_modules/@nestjs/cli repeat-string@1.6.1 OK for: comment-json@4.2.5 want: ^1.6.1
669 silly placeDep node_modules/@nestjs/cli chardet@0.7.0 OK for: external-editor@3.1.0 want: ^0.7.0
670 silly placeDep node_modules/@nestjs/cli iconv-lite@0.4.24 OK for: external-editor@3.1.0 want: ^0.4.24
671 silly placeDep node_modules/@nestjs/cli tmp@0.0.33 OK for: external-editor@3.1.0 want: ^0.0.33
672 silly fetch manifest safer-buffer@>= 2.1.2 < 3
673 silly packumentCache full:https://registry.npmjs.org/safer-buffer cache-miss
674 silly fetch manifest os-tmpdir@~1.0.2
675 silly packumentCache full:https://registry.npmjs.org/os-tmpdir cache-miss
676 http fetch GET 200 https://registry.npmjs.org/os-tmpdir 16327ms (cache miss)
677 silly packumentCache full:https://registry.npmjs.org/os-tmpdir set size:undefined disposed:false
678 http fetch GET 200 https://registry.npmjs.org/safer-buffer 16630ms (cache miss)
679 silly packumentCache full:https://registry.npmjs.org/safer-buffer set size:undefined disposed:false
680 silly fetch manifest typescript@>3.6.0
681 silly packumentCache full:https://registry.npmjs.org/typescript cache-miss
682 http fetch GET 200 https://registry.npmjs.org/typescript 22448ms (cache revalidated)
683 silly packumentCache full:https://registry.npmjs.org/typescript set size:14413281 disposed:false
684 silly placeDep node_modules/@nestjs/cli @babel/code-frame@7.27.1 OK for: fork-ts-checker-webpack-plugin@9.1.0 want: ^7.16.7
685 silly placeDep node_modules/@nestjs/cli chalk@4.1.2 OK for: fork-ts-checker-webpack-plugin@9.1.0 want: ^4.1.2
686 silly placeDep node_modules/@nestjs/cli cosmiconfig@8.3.6 OK for: fork-ts-checker-webpack-plugin@9.1.0 want: ^8.2.0
687 silly placeDep node_modules/@nestjs/cli deepmerge@4.3.1 OK for: fork-ts-checker-webpack-plugin@9.1.0 want: ^4.2.2
688 silly placeDep node_modules/@nestjs/cli fs-extra@10.1.0 OK for: fork-ts-checker-webpack-plugin@9.1.0 want: ^10.0.0
689 silly placeDep node_modules/@nestjs/cli memfs@3.5.3 OK for: fork-ts-checker-webpack-plugin@9.1.0 want: ^3.4.1
690 silly placeDep node_modules/@nestjs/cli minimatch@3.1.2 OK for: fork-ts-checker-webpack-plugin@9.1.0 want: ^3.0.4
691 silly placeDep node_modules/@nestjs/cli node-abort-controller@3.1.1 OK for: fork-ts-checker-webpack-plugin@9.1.0 want: ^3.0.1
692 silly placeDep node_modules/@nestjs/cli schema-utils@3.3.0 OK for: fork-ts-checker-webpack-plugin@9.1.0 want: ^3.1.1
693 silly placeDep node_modules/@nestjs/cli semver@7.7.2 OK for: fork-ts-checker-webpack-plugin@9.1.0 want: ^7.3.5
694 silly placeDep node_modules/@nestjs/cli tapable@2.2.2 OK for: fork-ts-checker-webpack-plugin@9.1.0 want: ^2.2.1
695 silly fetch manifest js-tokens@^4.0.0
696 silly packumentCache full:https://registry.npmjs.org/js-tokens cache-miss
697 silly fetch manifest picocolors@^1.1.1
698 silly packumentCache full:https://registry.npmjs.org/picocolors cache-miss
699 silly fetch manifest @babel/helper-validator-identifier@^7.27.1
700 silly packumentCache full:https://registry.npmjs.org/@babel%2fhelper-validator-identifier cache-miss
701 http fetch GET 200 https://registry.npmjs.org/picocolors 9698ms (cache miss)
702 silly packumentCache full:https://registry.npmjs.org/picocolors set size:undefined disposed:false
703 silly fetch manifest ansi-styles@^4.1.0
704 silly packumentCache full:https://registry.npmjs.org/ansi-styles cache-miss
705 http fetch GET 200 https://registry.npmjs.org/js-tokens 9803ms (cache miss)
706 silly packumentCache full:https://registry.npmjs.org/js-tokens set size:undefined disposed:false
707 silly fetch manifest supports-color@^7.1.0
708 silly packumentCache full:https://registry.npmjs.org/supports-color cache-miss
709 http fetch GET 200 https://registry.npmjs.org/@babel%2fhelper-validator-identifier 10225ms (cache miss)
710 silly packumentCache full:https://registry.npmjs.org/@babel%2fhelper-validator-identifier set size:undefined disposed:false
711 silly fetch manifest import-fresh@^3.3.0
712 silly packumentCache full:https://registry.npmjs.org/import-fresh cache-miss
713 http cache https://registry.npmjs.org/ansi-styles 921ms (cache hit)
714 silly packumentCache full:https://registry.npmjs.org/ansi-styles set size:66356 disposed:false
715 silly fetch manifest js-yaml@^4.1.0
716 silly packumentCache full:https://registry.npmjs.org/js-yaml cache-miss
717 http fetch GET 200 https://registry.npmjs.org/supports-color 4282ms (cache miss)
718 silly packumentCache full:https://registry.npmjs.org/supports-color set size:undefined disposed:false
719 silly fetch manifest parse-json@^5.2.0
720 silly packumentCache full:https://registry.npmjs.org/parse-json cache-miss
721 http fetch GET 200 https://registry.npmjs.org/import-fresh 5910ms (cache miss)
722 silly packumentCache full:https://registry.npmjs.org/import-fresh set size:undefined disposed:false
723 silly fetch manifest path-type@^4.0.0
724 silly packumentCache full:https://registry.npmjs.org/path-type cache-miss
725 http fetch GET 200 https://registry.npmjs.org/js-yaml 6215ms (cache miss)
726 silly packumentCache full:https://registry.npmjs.org/js-yaml set size:undefined disposed:false
727 silly fetch manifest jsonfile@^6.0.1
728 silly packumentCache full:https://registry.npmjs.org/jsonfile cache-miss
729 http fetch GET 200 https://registry.npmjs.org/parse-json 3560ms (cache miss)
730 silly packumentCache full:https://registry.npmjs.org/parse-json set size:undefined disposed:false
731 silly fetch manifest graceful-fs@^4.2.0
732 silly packumentCache full:https://registry.npmjs.org/graceful-fs cache-miss
733 http fetch GET 200 https://registry.npmjs.org/graceful-fs 4463ms (cache revalidated)
734 silly packumentCache full:https://registry.npmjs.org/graceful-fs set size:124285 disposed:false
735 silly fetch manifest universalify@^2.0.0
736 silly packumentCache full:https://registry.npmjs.org/universalify cache-miss
737 http fetch GET 200 https://registry.npmjs.org/path-type 6057ms (cache miss)
738 silly packumentCache full:https://registry.npmjs.org/path-type set size:undefined disposed:false
739 silly fetch manifest fs-monkey@^1.0.4
740 silly packumentCache full:https://registry.npmjs.org/fs-monkey cache-miss
741 http fetch GET 200 https://registry.npmjs.org/jsonfile 5259ms (cache miss)
742 silly packumentCache full:https://registry.npmjs.org/jsonfile set size:undefined disposed:false
743 silly fetch manifest brace-expansion@^1.1.7
744 silly packumentCache full:https://registry.npmjs.org/brace-expansion cache-miss
745 http fetch GET 200 https://registry.npmjs.org/fs-monkey 2504ms (cache miss)
746 silly packumentCache full:https://registry.npmjs.org/fs-monkey set size:undefined disposed:false
747 silly fetch manifest ajv@^6.12.5
748 silly packumentCache full:https://registry.npmjs.org/ajv cache-miss
749 http fetch GET 200 https://registry.npmjs.org/ajv 3033ms (cache revalidated)
750 silly packumentCache full:https://registry.npmjs.org/ajv set size:1126055 disposed:false
751 silly fetch manifest ajv-keywords@^3.5.2
752 silly packumentCache full:https://registry.npmjs.org/ajv-keywords cache-miss
753 http fetch GET 200 https://registry.npmjs.org/brace-expansion 9387ms (cache miss)
754 silly packumentCache full:https://registry.npmjs.org/brace-expansion set size:undefined disposed:false
755 silly fetch manifest @types/json-schema@^7.0.8
756 silly packumentCache full:https://registry.npmjs.org/@types%2fjson-schema cache-miss
757 http fetch GET 200 https://registry.npmjs.org/universalify 9751ms (cache miss)
758 silly packumentCache full:https://registry.npmjs.org/universalify set size:undefined disposed:false
759 http fetch GET 200 https://registry.npmjs.org/@types%2fjson-schema 3146ms (cache miss)
760 silly packumentCache full:https://registry.npmjs.org/@types%2fjson-schema set size:undefined disposed:false
761 http fetch GET 200 https://registry.npmjs.org/ajv-keywords 6732ms (cache miss)
762 silly packumentCache full:https://registry.npmjs.org/ajv-keywords set size:undefined disposed:false
763 silly placeDep node_modules/@nestjs/cli @babel/helper-validator-identifier@7.27.1 OK for: @babel/code-frame@7.27.1 want: ^7.27.1
764 silly placeDep node_modules/@nestjs/cli js-tokens@4.0.0 OK for: @babel/code-frame@7.27.1 want: ^4.0.0
765 silly placeDep node_modules/@nestjs/cli picocolors@1.1.1 OK for: @babel/code-frame@7.27.1 want: ^1.1.1
766 silly placeDep node_modules/@nestjs/cli ansi-styles@4.3.0 OK for: chalk@4.1.2 want: ^4.1.0
767 silly placeDep node_modules/@nestjs/cli supports-color@7.2.0 OK for: chalk@4.1.2 want: ^7.1.0
768 silly fetch manifest color-convert@^2.0.1
769 silly packumentCache full:https://registry.npmjs.org/color-convert cache-miss
770 silly fetch manifest has-flag@^4.0.0
771 silly packumentCache full:https://registry.npmjs.org/has-flag cache-miss
772 http fetch GET 200 https://registry.npmjs.org/color-convert 6221ms (cache miss)
773 silly packumentCache full:https://registry.npmjs.org/color-convert set size:undefined disposed:false
774 http fetch GET 200 https://registry.npmjs.org/has-flag 7756ms (cache miss)
775 silly packumentCache full:https://registry.npmjs.org/has-flag set size:undefined disposed:false
776 silly placeDep node_modules/@nestjs/cli color-convert@2.0.1 OK for: ansi-styles@4.3.0 want: ^2.0.1
777 silly fetch manifest color-name@~1.1.4
778 silly packumentCache full:https://registry.npmjs.org/color-name cache-miss
779 http fetch GET 200 https://registry.npmjs.org/color-name 21664ms (cache miss)
780 silly packumentCache full:https://registry.npmjs.org/color-name set size:undefined disposed:false
781 silly placeDep node_modules/@nestjs/cli color-name@1.1.4 OK for: color-convert@2.0.1 want: ~1.1.4
782 silly placeDep node_modules/@nestjs/cli import-fresh@3.3.1 OK for: cosmiconfig@8.3.6 want: ^3.3.0
783 silly placeDep node_modules/@nestjs/cli js-yaml@4.1.0 OK for: cosmiconfig@8.3.6 want: ^4.1.0
784 silly placeDep node_modules/@nestjs/cli parse-json@5.2.0 OK for: cosmiconfig@8.3.6 want: ^5.2.0
785 silly placeDep node_modules/@nestjs/cli path-type@4.0.0 OK for: cosmiconfig@8.3.6 want: ^4.0.0
786 silly fetch manifest parent-module@^1.0.0
787 silly packumentCache full:https://registry.npmjs.org/parent-module cache-miss
788 silly fetch manifest resolve-from@^4.0.0
789 silly packumentCache full:https://registry.npmjs.org/resolve-from cache-miss
790 silly fetch manifest argparse@^2.0.1
791 silly packumentCache full:https://registry.npmjs.org/argparse cache-miss
792 http fetch GET 200 https://registry.npmjs.org/resolve-from 31011ms (cache miss)
793 silly packumentCache full:https://registry.npmjs.org/resolve-from set size:undefined disposed:false
794 silly fetch manifest error-ex@^1.3.1
795 silly packumentCache full:https://registry.npmjs.org/error-ex cache-miss
796 http fetch GET 200 https://registry.npmjs.org/parent-module 32333ms (cache miss)
797 silly packumentCache full:https://registry.npmjs.org/parent-module set size:undefined disposed:false
798 silly fetch manifest lines-and-columns@^1.1.6
799 silly packumentCache full:https://registry.npmjs.org/lines-and-columns cache-miss
800 http fetch GET 200 https://registry.npmjs.org/argparse 34353ms (cache miss)
801 silly packumentCache full:https://registry.npmjs.org/argparse set size:undefined disposed:false
802 silly fetch manifest json-parse-even-better-errors@^2.3.0
803 silly packumentCache full:https://registry.npmjs.org/json-parse-even-better-errors cache-miss
804 http fetch GET 200 https://registry.npmjs.org/json-parse-even-better-errors 10638ms (cache revalidated)
805 silly packumentCache full:https://registry.npmjs.org/json-parse-even-better-errors set size:31947 disposed:false
806 http fetch GET 200 https://registry.npmjs.org/error-ex 15230ms (cache miss)
807 silly packumentCache full:https://registry.npmjs.org/error-ex set size:undefined disposed:false
808 http fetch GET 200 https://registry.npmjs.org/lines-and-columns 15017ms (cache miss)
809 silly packumentCache full:https://registry.npmjs.org/lines-and-columns set size:undefined disposed:false
810 silly placeDep node_modules/@nestjs/cli graceful-fs@4.2.11 OK for: fs-extra@10.1.0 want: ^4.2.0
811 silly placeDep node_modules/@nestjs/cli jsonfile@6.1.0 OK for: fs-extra@10.1.0 want: ^6.0.1
812 silly placeDep node_modules/@nestjs/cli universalify@2.0.1 OK for: fs-extra@10.1.0 want: ^2.0.0
813 silly placeDep node_modules/@nestjs/cli foreground-child@3.3.1 OK for: glob@11.0.1 want: ^3.1.0
814 silly placeDep node_modules/@nestjs/cli jackspeak@4.1.1 OK for: glob@11.0.1 want: ^4.0.1
815 silly placeDep node_modules/@nestjs/cli/node_modules/glob minimatch@10.0.3 OK for: glob@11.0.1 want: ^10.0.0
816 silly placeDep node_modules/@nestjs/cli minipass@7.1.2 OK for: glob@11.0.1 want: ^7.1.2
817 silly placeDep node_modules/@nestjs/cli package-json-from-dist@1.0.1 OK for: glob@11.0.1 want: ^1.0.0
818 silly placeDep node_modules/@nestjs/cli path-scurry@2.0.0 OK for: glob@11.0.1 want: ^2.0.0
819 silly fetch manifest cross-spawn@^7.0.6
820 silly packumentCache full:https://registry.npmjs.org/cross-spawn cache-miss
821 silly fetch manifest @isaacs/cliui@^8.0.2
822 silly packumentCache full:https://registry.npmjs.org/@isaacs%2fcliui cache-miss
823 silly fetch manifest @isaacs/brace-expansion@^5.0.0
824 silly packumentCache full:https://registry.npmjs.org/@isaacs%2fbrace-expansion cache-miss
825 http fetch GET 200 https://registry.npmjs.org/@isaacs%2fbrace-expansion 21931ms (cache miss)
826 silly packumentCache full:https://registry.npmjs.org/@isaacs%2fbrace-expansion set size:undefined disposed:false
827 silly fetch manifest lru-cache@^11.0.0
828 silly packumentCache full:https://registry.npmjs.org/lru-cache cache-miss
829 http fetch GET 200 https://registry.npmjs.org/@isaacs%2fcliui 21950ms (cache miss)
830 silly packumentCache full:https://registry.npmjs.org/@isaacs%2fcliui set size:undefined disposed:false
831 http fetch GET 200 https://registry.npmjs.org/cross-spawn 24617ms (cache miss)
832 silly packumentCache full:https://registry.npmjs.org/cross-spawn set size:undefined disposed:false
833 http fetch GET 200 https://registry.npmjs.org/lru-cache 22944ms (cache miss)
834 silly packumentCache full:https://registry.npmjs.org/lru-cache set size:undefined disposed:false
835 silly placeDep node_modules/@nestjs/cli cross-spawn@7.0.6 OK for: foreground-child@3.3.1 want: ^7.0.6
836 silly fetch manifest which@^2.0.1
837 silly packumentCache full:https://registry.npmjs.org/which cache-miss
838 silly fetch manifest path-key@^3.1.0
839 silly packumentCache full:https://registry.npmjs.org/path-key cache-miss
840 silly fetch manifest shebang-command@^2.0.0
841 silly packumentCache full:https://registry.npmjs.org/shebang-command cache-miss
842 http fetch GET 200 https://registry.npmjs.org/shebang-command 22302ms (cache miss)
843 silly packumentCache full:https://registry.npmjs.org/shebang-command set size:undefined disposed:false
844 http fetch GET 200 https://registry.npmjs.org/path-key 22537ms (cache miss)
845 silly packumentCache full:https://registry.npmjs.org/path-key set size:undefined disposed:false
846 http fetch GET 200 https://registry.npmjs.org/which 23652ms (cache miss)
847 silly packumentCache full:https://registry.npmjs.org/which set size:undefined disposed:false
848 silly placeDep node_modules/@nestjs/cli path-key@3.1.1 OK for: cross-spawn@7.0.6 want: ^3.1.0
849 silly placeDep node_modules/@nestjs/cli shebang-command@2.0.0 OK for: cross-spawn@7.0.6 want: ^2.0.0
850 silly placeDep node_modules/@nestjs/cli which@2.0.2 OK for: cross-spawn@7.0.6 want: ^2.0.1
851 silly fetch manifest shebang-regex@^3.0.0
852 silly packumentCache full:https://registry.npmjs.org/shebang-regex cache-miss
853 silly fetch manifest isexe@^2.0.0
854 silly packumentCache full:https://registry.npmjs.org/isexe cache-miss
855 http fetch GET 200 https://registry.npmjs.org/shebang-regex 44398ms (cache miss)
856 silly packumentCache full:https://registry.npmjs.org/shebang-regex set size:undefined disposed:false
857 http fetch GET 200 https://registry.npmjs.org/isexe 44745ms (cache miss)
858 silly packumentCache full:https://registry.npmjs.org/isexe set size:undefined disposed:false
859 silly placeDep node_modules/@nestjs/cli safer-buffer@2.1.2 OK for: iconv-lite@0.4.24 want: >= 2.1.2 < 3
860 silly placeDep node_modules/@nestjs/cli parent-module@1.0.1 OK for: import-fresh@3.3.1 want: ^1.0.0
861 silly placeDep node_modules/@nestjs/cli resolve-from@4.0.0 OK for: import-fresh@3.3.1 want: ^4.0.0
862 silly fetch manifest callsites@^3.0.0
863 silly packumentCache full:https://registry.npmjs.org/callsites cache-miss
864 http fetch GET 200 https://registry.npmjs.org/callsites 106636ms (cache miss)
865 silly packumentCache full:https://registry.npmjs.org/callsites set size:undefined disposed:false
866 silly placeDep node_modules/@nestjs/cli @isaacs/cliui@8.0.2 OK for: jackspeak@4.1.1 want: ^8.0.2
867 silly fetch manifest string-width@^5.1.2
868 silly packumentCache full:https://registry.npmjs.org/string-width cache-hit
869 silly fetch manifest string-width-cjs@npm:string-width@^4.2.0
870 silly packumentCache full:https://registry.npmjs.org/string-width cache-hit
871 silly fetch manifest strip-ansi@^7.0.1
872 silly packumentCache full:https://registry.npmjs.org/strip-ansi cache-hit
873 silly fetch manifest strip-ansi-cjs@npm:strip-ansi@^6.0.1
874 silly packumentCache full:https://registry.npmjs.org/strip-ansi cache-hit
875 silly fetch manifest wrap-ansi@^8.1.0
876 silly packumentCache full:https://registry.npmjs.org/wrap-ansi cache-miss
877 silly fetch manifest wrap-ansi-cjs@npm:wrap-ansi@^7.0.0
878 silly packumentCache full:https://registry.npmjs.org/wrap-ansi cache-miss
879 http fetch GET 200 https://registry.npmjs.org/wrap-ansi 76440ms (cache revalidated)
880 silly packumentCache full:https://registry.npmjs.org/wrap-ansi set size:51143 disposed:false
881 http fetch GET 200 https://registry.npmjs.org/wrap-ansi 76442ms (cache revalidated)
882 silly packumentCache full:https://registry.npmjs.org/wrap-ansi set size:51143 disposed:false
883 silly packumentCache full:https://registry.npmjs.org/wrap-ansi dispose
884 silly placeDep node_modules/@nestjs/cli/node_modules/@isaacs/cliui string-width@5.1.2 OK for: @isaacs/cliui@8.0.2 want: ^5.1.2
885 silly placeDep node_modules/@nestjs/cli string-width-cjs@4.2.3 OK for: @isaacs/cliui@8.0.2 want: npm:string-width@^4.2.0
886 silly placeDep node_modules/@nestjs/cli strip-ansi@7.1.0 OK for: @isaacs/cliui@8.0.2 want: ^7.0.1
887 silly placeDep node_modules/@nestjs/cli strip-ansi-cjs@6.0.1 OK for: @isaacs/cliui@8.0.2 want: npm:strip-ansi@^6.0.1
888 silly placeDep node_modules/@nestjs/cli/node_modules/@isaacs/cliui wrap-ansi@8.1.0 OK for: @isaacs/cliui@8.0.2 want: ^8.1.0
889 silly placeDep node_modules/@nestjs/cli wrap-ansi-cjs@7.0.0 OK for: @isaacs/cliui@8.0.2 want: npm:wrap-ansi@^7.0.0
890 silly fetch manifest emoji-regex@^9.2.2
891 silly packumentCache full:https://registry.npmjs.org/emoji-regex cache-miss
892 silly fetch manifest eastasianwidth@^0.2.0
893 silly packumentCache full:https://registry.npmjs.org/eastasianwidth cache-miss
894 silly fetch manifest ansi-regex@^6.0.1
895 silly packumentCache full:https://registry.npmjs.org/ansi-regex cache-miss
896 http fetch GET 200 https://registry.npmjs.org/emoji-regex 49001ms (cache revalidated)
897 silly packumentCache full:https://registry.npmjs.org/emoji-regex set size:85187 disposed:false
898 silly fetch manifest ansi-regex@^5.0.1
899 silly packumentCache full:https://registry.npmjs.org/ansi-regex cache-miss
900 http fetch GET 200 https://registry.npmjs.org/ansi-regex 49026ms (cache miss)
901 silly packumentCache full:https://registry.npmjs.org/ansi-regex set size:undefined disposed:false
902 silly fetch manifest ansi-styles@^6.1.0
903 silly packumentCache full:https://registry.npmjs.org/ansi-styles cache-hit
904 http fetch GET 200 https://registry.npmjs.org/eastasianwidth 49327ms (cache miss)
905 silly packumentCache full:https://registry.npmjs.org/eastasianwidth set size:undefined disposed:false
906 http fetch GET 200 https://registry.npmjs.org/ansi-regex 13958ms (cache miss)
907 silly packumentCache full:https://registry.npmjs.org/ansi-regex set size:undefined disposed:false
908 silly placeDep node_modules/@nestjs/cli argparse@2.0.1 OK for: js-yaml@4.1.0 want: ^2.0.1
909 silly placeDep node_modules/@nestjs/cli @jridgewell/sourcemap-codec@1.5.4 OK for: magic-string@0.30.17 want: ^1.5.0
910 silly placeDep node_modules/@nestjs/cli fs-monkey@1.0.6 OK for: memfs@3.5.3 want: ^1.0.4
911 silly placeDep node_modules/@nestjs/cli brace-expansion@1.1.12 OK for: minimatch@3.1.2 want: ^1.1.7
912 silly fetch manifest balanced-match@^1.0.0
913 silly packumentCache full:https://registry.npmjs.org/balanced-match cache-miss
914 silly fetch manifest concat-map@0.0.1
915 silly packumentCache full:https://registry.npmjs.org/concat-map cache-miss
916 http fetch GET 200 https://registry.npmjs.org/concat-map 3314ms (cache miss)
917 silly packumentCache full:https://registry.npmjs.org/concat-map set size:undefined disposed:false
918 http fetch GET 200 https://registry.npmjs.org/balanced-match 3713ms (cache miss)
919 silly packumentCache full:https://registry.npmjs.org/balanced-match set size:undefined disposed:false
920 silly placeDep node_modules/@nestjs/cli balanced-match@1.0.2 OK for: brace-expansion@1.1.12 want: ^1.0.0
921 silly placeDep node_modules/@nestjs/cli concat-map@0.0.1 OK for: brace-expansion@1.1.12 want: 0.0.1
922 silly placeDep node_modules/@nestjs/cli lodash@4.17.21 OK for: node-emoji@1.11.0 want: ^4.17.21
923 silly placeDep node_modules/@nestjs/cli bl@4.1.0 OK for: ora@5.4.1 want: ^4.1.0
924 silly placeDep node_modules/@nestjs/cli cli-cursor@3.1.0 OK for: ora@5.4.1 want: ^3.1.0
925 silly placeDep node_modules/@nestjs/cli cli-spinners@2.9.2 OK for: ora@5.4.1 want: ^2.5.0
926 silly placeDep node_modules/@nestjs/cli is-interactive@1.0.0 OK for: ora@5.4.1 want: ^1.0.0
927 silly placeDep node_modules/@nestjs/cli is-unicode-supported@0.1.0 OK for: ora@5.4.1 want: ^0.1.0
928 silly placeDep node_modules/@nestjs/cli log-symbols@4.1.0 OK for: ora@5.4.1 want: ^4.1.0
929 silly placeDep node_modules/@nestjs/cli/node_modules/ora strip-ansi@6.0.1 OK for: ora@5.4.1 want: ^6.0.0
930 silly placeDep node_modules/@nestjs/cli wcwidth@1.0.1 OK for: ora@5.4.1 want: ^1.0.1
931 silly fetch manifest buffer@^5.5.0
932 silly packumentCache full:https://registry.npmjs.org/buffer cache-miss
933 silly fetch manifest inherits@^2.0.4
934 silly packumentCache full:https://registry.npmjs.org/inherits cache-miss
935 silly fetch manifest readable-stream@^3.4.0
936 silly packumentCache full:https://registry.npmjs.org/readable-stream cache-miss
937 http fetch GET 200 https://registry.npmjs.org/buffer 2090ms (cache miss)
938 silly packumentCache full:https://registry.npmjs.org/buffer set size:undefined disposed:false
939 silly fetch manifest restore-cursor@^3.1.0
940 silly packumentCache full:https://registry.npmjs.org/restore-cursor cache-miss
941 http fetch GET 200 https://registry.npmjs.org/inherits 2114ms (cache miss)
942 silly packumentCache full:https://registry.npmjs.org/inherits set size:undefined disposed:false
943 silly fetch manifest defaults@^1.0.3
944 silly packumentCache full:https://registry.npmjs.org/defaults cache-miss
945 http fetch GET 200 https://registry.npmjs.org/restore-cursor 771ms (cache miss)
946 silly packumentCache full:https://registry.npmjs.org/restore-cursor set size:undefined disposed:false
947 http fetch GET 200 https://registry.npmjs.org/defaults 1457ms (cache miss)
948 silly packumentCache full:https://registry.npmjs.org/defaults set size:undefined disposed:false
949 http fetch GET 200 https://registry.npmjs.org/readable-stream 4037ms (cache miss)
950 silly packumentCache full:https://registry.npmjs.org/readable-stream set size:undefined disposed:false
951 silly placeDep node_modules/@nestjs/cli buffer@5.7.1 OK for: bl@4.1.0 want: ^5.5.0
952 silly placeDep node_modules/@nestjs/cli inherits@2.0.4 OK for: bl@4.1.0 want: ^2.0.4
953 silly placeDep node_modules/@nestjs/cli readable-stream@3.6.2 OK for: bl@4.1.0 want: ^3.4.0
954 silly fetch manifest base64-js@^1.3.1
955 silly packumentCache full:https://registry.npmjs.org/base64-js cache-miss
956 silly fetch manifest ieee754@^1.1.13
957 silly packumentCache full:https://registry.npmjs.org/ieee754 cache-miss
958 silly fetch manifest string_decoder@^1.1.1
959 silly packumentCache full:https://registry.npmjs.org/string_decoder cache-miss
960 http fetch GET 200 https://registry.npmjs.org/base64-js 4117ms (cache miss)
961 silly packumentCache full:https://registry.npmjs.org/base64-js set size:undefined disposed:false
962 silly fetch manifest util-deprecate@^1.0.1
963 silly packumentCache full:https://registry.npmjs.org/util-deprecate cache-miss
964 http fetch GET 200 https://registry.npmjs.org/string_decoder 4530ms (cache miss)
965 silly packumentCache full:https://registry.npmjs.org/string_decoder set size:undefined disposed:false
966 http fetch GET 200 https://registry.npmjs.org/ieee754 5066ms (cache miss)
967 silly packumentCache full:https://registry.npmjs.org/ieee754 set size:undefined disposed:false
968 http fetch GET 200 https://registry.npmjs.org/util-deprecate 3571ms (cache miss)
969 silly packumentCache full:https://registry.npmjs.org/util-deprecate set size:undefined disposed:false
970 silly placeDep node_modules/@nestjs/cli base64-js@1.5.1 OK for: buffer@5.7.1 want: ^1.3.1
971 silly placeDep node_modules/@nestjs/cli ieee754@1.2.1 OK for: buffer@5.7.1 want: ^1.1.13
972 silly placeDep node_modules/@nestjs/cli restore-cursor@3.1.0 OK for: cli-cursor@3.1.0 want: ^3.1.0
973 silly fetch manifest onetime@^5.1.0
974 silly packumentCache full:https://registry.npmjs.org/onetime cache-miss
975 silly fetch manifest signal-exit@^3.0.2
976 silly packumentCache full:https://registry.npmjs.org/signal-exit cache-miss
977 http fetch GET 200 https://registry.npmjs.org/signal-exit 3222ms (cache revalidated)
978 silly packumentCache full:https://registry.npmjs.org/signal-exit set size:53489 disposed:false
979 http fetch GET 200 https://registry.npmjs.org/onetime 5223ms (cache miss)
980 silly packumentCache full:https://registry.npmjs.org/onetime set size:undefined disposed:false
981 silly placeDep node_modules/@nestjs/cli callsites@3.1.0 OK for: parent-module@1.0.1 want: ^3.0.0
982 silly placeDep node_modules/@nestjs/cli error-ex@1.3.2 OK for: parse-json@5.2.0 want: ^1.3.1
983 silly placeDep node_modules/@nestjs/cli json-parse-even-better-errors@2.3.1 OK for: parse-json@5.2.0 want: ^2.3.0
984 silly placeDep node_modules/@nestjs/cli lines-and-columns@1.2.4 OK for: parse-json@5.2.0 want: ^1.1.6
985 silly fetch manifest is-arrayish@^0.2.1
986 silly packumentCache full:https://registry.npmjs.org/is-arrayish cache-miss
987 http fetch GET 200 https://registry.npmjs.org/is-arrayish 4647ms (cache miss)
988 silly packumentCache full:https://registry.npmjs.org/is-arrayish set size:undefined disposed:false
989 silly placeDep node_modules/@nestjs/cli is-arrayish@0.2.1 OK for: error-ex@1.3.2 want: ^0.2.1
990 silly placeDep node_modules/@nestjs/cli lru-cache@11.1.0 OK for: path-scurry@2.0.0 want: ^11.0.0
991 silly placeDep node_modules/@nestjs/cli string_decoder@1.3.0 OK for: readable-stream@3.6.2 want: ^1.1.1
992 silly placeDep node_modules/@nestjs/cli util-deprecate@1.0.2 OK for: readable-stream@3.6.2 want: ^1.0.1
993 silly fetch manifest safe-buffer@~5.2.0
994 silly packumentCache full:https://registry.npmjs.org/safe-buffer cache-miss
995 http fetch GET 200 https://registry.npmjs.org/safe-buffer 7973ms (cache miss)
996 silly packumentCache full:https://registry.npmjs.org/safe-buffer set size:undefined disposed:false
997 silly placeDep node_modules/@nestjs/cli onetime@5.1.2 OK for: restore-cursor@3.1.0 want: ^5.1.0
998 silly placeDep node_modules/@nestjs/cli/node_modules/restore-cursor signal-exit@3.0.7 OK for: restore-cursor@3.1.0 want: ^3.0.2
999 silly fetch manifest mimic-fn@^2.1.0
1000 silly packumentCache full:https://registry.npmjs.org/mimic-fn cache-miss
1001 http fetch GET 200 https://registry.npmjs.org/mimic-fn 9660ms (cache miss)
1002 silly packumentCache full:https://registry.npmjs.org/mimic-fn set size:undefined disposed:false
1003 silly placeDep node_modules/@nestjs/cli mimic-fn@2.1.0 OK for: onetime@5.1.2 want: ^2.1.0
1004 silly placeDep node_modules/@nestjs/cli tslib@2.8.1 OK for: rxjs@7.8.1 want: ^2.1.0
1005 silly placeDep node_modules/@nestjs/cli @types/json-schema@7.0.15 OK for: schema-utils@3.3.0 want: ^7.0.8
1006 silly placeDep node_modules/@nestjs/cli/node_modules/schema-utils ajv@6.12.6 OK for: schema-utils@3.3.0 want: ^6.12.5
1007 silly placeDep node_modules/@nestjs/cli/node_modules/schema-utils ajv-keywords@3.5.2 OK for: schema-utils@3.3.0 want: ^3.5.2
1008 silly fetch manifest uri-js@^4.2.2
1009 silly packumentCache full:https://registry.npmjs.org/uri-js cache-miss
1010 silly fetch manifest json-schema-traverse@^0.4.1
1011 silly packumentCache full:https://registry.npmjs.org/json-schema-traverse cache-miss
1012 silly fetch manifest fast-json-stable-stringify@^2.0.0
1013 silly packumentCache full:https://registry.npmjs.org/fast-json-stable-stringify cache-miss
1014 http fetch GET 200 https://registry.npmjs.org/fast-json-stable-stringify 1164ms (cache miss)
1015 silly packumentCache full:https://registry.npmjs.org/fast-json-stable-stringify set size:undefined disposed:false
1016 http fetch GET 200 https://registry.npmjs.org/uri-js 4849ms (cache miss)
1017 silly packumentCache full:https://registry.npmjs.org/uri-js set size:undefined disposed:false
1018 http fetch GET 200 https://registry.npmjs.org/json-schema-traverse 5540ms (cache revalidated)
1019 silly packumentCache full:https://registry.npmjs.org/json-schema-traverse set size:23537 disposed:false
1020 silly placeDep node_modules/@nestjs/cli shebang-regex@3.0.0 OK for: shebang-command@2.0.0 want: ^3.0.0
1021 silly placeDep node_modules/@nestjs/cli safe-buffer@5.2.1 OK for: string_decoder@1.3.0 want: ~5.2.0
1022 silly placeDep node_modules/@nestjs/cli emoji-regex@8.0.0 OK for: string-width@4.2.3 want: ^8.0.0
1023 silly placeDep node_modules/@nestjs/cli is-fullwidth-code-point@3.0.0 OK for: string-width@4.2.3 want: ^3.0.0
1024 silly placeDep node_modules/@nestjs/cli/node_modules/string-width strip-ansi@6.0.1 OK for: string-width@4.2.3 want: ^6.0.1
1025 silly placeDep node_modules/@nestjs/cli/node_modules/string-width-cjs strip-ansi@6.0.1 OK for: string-width@4.2.3 want: ^6.0.1
1026 silly placeDep node_modules/@nestjs/cli ansi-regex@6.1.0 OK for: strip-ansi@7.1.0 want: ^6.0.1
1027 silly placeDep node_modules/@nestjs/cli/node_modules/strip-ansi-cjs ansi-regex@5.0.1 OK for: strip-ansi@6.0.1 want: ^5.0.1
1028 silly placeDep node_modules/@nestjs/cli has-flag@4.0.0 OK for: supports-color@7.2.0 want: ^4.0.0
1029 silly placeDep node_modules/@nestjs/cli os-tmpdir@1.0.2 OK for: tmp@0.0.33 want: ~1.0.2
1030 silly placeDep node_modules/@nestjs/cli json5@2.2.3 OK for: tsconfig-paths@4.2.0 want: ^2.2.2
1031 silly placeDep node_modules/@nestjs/cli minimist@1.2.8 OK for: tsconfig-paths@4.2.0 want: ^1.2.6
1032 silly placeDep node_modules/@nestjs/cli strip-bom@3.0.0 OK for: tsconfig-paths@4.2.0 want: ^3.0.0
1033 silly placeDep node_modules/@nestjs/cli enhanced-resolve@5.18.2 OK for: tsconfig-paths-webpack-plugin@4.2.0 want: ^5.7.0
1034 silly placeDep node_modules/@nestjs/cli defaults@1.0.4 OK for: wcwidth@1.0.1 want: ^1.0.3
1035 silly fetch manifest clone@^1.0.2
1036 silly packumentCache full:https://registry.npmjs.org/clone cache-miss
1037 http fetch GET 200 https://registry.npmjs.org/clone 674ms (cache miss)
1038 silly packumentCache full:https://registry.npmjs.org/clone set size:undefined disposed:false
1039 silly placeDep node_modules/@nestjs/cli clone@1.0.4 OK for: defaults@1.0.4 want: ^1.0.2
1040 silly fetch manifest webpack@^5.1.0
1041 silly packumentCache full:https://registry.npmjs.org/webpack cache-miss
1042 http fetch GET 200 https://registry.npmjs.org/webpack 1933ms (cache revalidated)
